[0.132s] DEBUG:colcon:Command line arguments: ['/usr/bin/colcon', 'build', '--packages-select', 'se3_controller']
[0.132s] DEBUG:colcon:Parsed command line arguments: Namespace(log_base=None, log_level=None, verb_name='build', build_base='build', install_base='install', merge_install=False, symlink_install=False, test_result_base=None, continue_on_error=False, executor='parallel', parallel_workers=8, event_handlers=None, ignore_user_meta=False, metas=['./colcon.meta'], base_paths=['.'], packages_ignore=None, packages_ignore_regex=None, paths=None, packages_up_to=None, packages_up_to_regex=None, packages_above=None, packages_above_and_dependencies=None, packages_above_depth=None, packages_select_by_dep=None, packages_skip_by_dep=None, packages_skip_up_to=None, packages_select_build_failed=False, packages_skip_build_finished=False, packages_select_test_failures=False, packages_skip_test_passed=False, packages_select=['se3_controller'], packages_skip=None, packages_select_regex=None, packages_skip_regex=None, packages_start=None, packages_end=None, cmake_args=None, cmake_target=None, cmake_target_skip_unavailable=False, cmake_clean_cache=False, cmake_clean_first=False, cmake_force_configure=False, ament_cmake_args=None, catkin_cmake_args=None, catkin_skip_building_tests=False, mixin_files=None, mixin=None, verb_parser=<colcon_mixin.mixin.mixin_argument.MixinArgumentDecorator object at 0x76bf0edb3ee0>, verb_extension=<colcon_core.verb.build.BuildVerb object at 0x76bf0ef79540>, main=<bound method BuildVerb.main of <colcon_core.verb.build.BuildVerb object at 0x76bf0ef79540>>, mixin_verb=('build',))
[0.336s] Level 1:colcon.colcon_core.package_discovery:discover_packages(colcon_meta) check parameters
[0.336s] Level 1:colcon.colcon_core.package_discovery:discover_packages(recursive) check parameters
[0.336s] Level 1:colcon.colcon_core.package_discovery:discover_packages(ignore) check parameters
[0.336s] Level 1:colcon.colcon_core.package_discovery:discover_packages(path) check parameters
[0.336s] Level 1:colcon.colcon_core.package_discovery:discover_packages(colcon_meta) discover
[0.336s] Level 1:colcon.colcon_core.package_discovery:discover_packages(recursive) discover
[0.336s] INFO:colcon.colcon_core.package_discovery:Crawling recursively for packages in '/home/aimane/drone_control_ws/src/se3_controller'
[0.336s] Level 1:colcon.colcon_core.package_identification:_identify(.) by extensions ['ignore', 'ignore_ament_install']
[0.336s] Level 1:colcon.colcon_core.package_identification:_identify(.) by extension 'ignore'
[0.336s] Level 1:colcon.colcon_core.package_identification:_identify(.) by extension 'ignore_ament_install'
[0.337s] Level 1:colcon.colcon_core.package_identification:_identify(.) by extensions ['colcon_pkg']
[0.337s] Level 1:colcon.colcon_core.package_identification:_identify(.) by extension 'colcon_pkg'
[0.337s] Level 1:colcon.colcon_core.package_identification:_identify(.) by extensions ['colcon_meta']
[0.337s] Level 1:colcon.colcon_core.package_identification:_identify(.) by extension 'colcon_meta'
[0.337s] Level 1:colcon.colcon_core.package_identification:_identify(.) by extensions ['ros']
[0.337s] Level 1:colcon.colcon_core.package_identification:_identify(.) by extension 'ros'
[0.351s] DEBUG:colcon.colcon_core.package_identification:Package '.' with type 'ros.ament_cmake' and name 'se3_controller'
[0.351s] Level 1:colcon.colcon_core.package_discovery:discover_packages(recursive) using defaults
[0.351s] Level 1:colcon.colcon_core.package_discovery:discover_packages(ignore) discover
[0.351s] Level 1:colcon.colcon_core.package_discovery:discover_packages(ignore) using defaults
[0.351s] Level 1:colcon.colcon_core.package_discovery:discover_packages(path) discover
[0.351s] Level 1:colcon.colcon_core.package_discovery:discover_packages(path) using defaults
[0.389s] Level 5:colcon.colcon_core.verb:set package 'se3_controller' build argument 'cmake_args' from command line to 'None'
[0.389s] Level 5:colcon.colcon_core.verb:set package 'se3_controller' build argument 'cmake_target' from command line to 'None'
[0.389s] Level 5:colcon.colcon_core.verb:set package 'se3_controller' build argument 'cmake_target_skip_unavailable' from command line to 'False'
[0.389s] Level 5:colcon.colcon_core.verb:set package 'se3_controller' build argument 'cmake_clean_cache' from command line to 'False'
[0.389s] Level 5:colcon.colcon_core.verb:set package 'se3_controller' build argument 'cmake_clean_first' from command line to 'False'
[0.389s] Level 5:colcon.colcon_core.verb:set package 'se3_controller' build argument 'cmake_force_configure' from command line to 'False'
[0.389s] Level 5:colcon.colcon_core.verb:set package 'se3_controller' build argument 'ament_cmake_args' from command line to 'None'
[0.389s] Level 5:colcon.colcon_core.verb:set package 'se3_controller' build argument 'catkin_cmake_args' from command line to 'None'
[0.389s] Level 5:colcon.colcon_core.verb:set package 'se3_controller' build argument 'catkin_skip_building_tests' from command line to 'False'
[0.389s] DEBUG:colcon.colcon_core.verb:Building package 'se3_controller' with the following arguments: {'ament_cmake_args': None, 'build_base': '/home/aimane/drone_control_ws/src/se3_controller/build/se3_controller', 'catkin_cmake_args': None, 'catkin_skip_building_tests': False, 'cmake_args': None, 'cmake_clean_cache': False, 'cmake_clean_first': False, 'cmake_force_configure': False, 'cmake_target': None, 'cmake_target_skip_unavailable': False, 'install_base': '/home/aimane/drone_control_ws/src/se3_controller/install/se3_controller', 'merge_install': False, 'path': '/home/aimane/drone_control_ws/src/se3_controller', 'symlink_install': False, 'test_result_base': None}
[0.389s] INFO:colcon.colcon_core.executor:Executing jobs using 'parallel' executor
[0.391s] DEBUG:colcon.colcon_parallel_executor.executor.parallel:run_until_complete
[0.391s] INFO:colcon.colcon_ros.task.ament_cmake.build:Building ROS package in '/home/aimane/drone_control_ws/src/se3_controller' with build type 'ament_cmake'
[0.391s] INFO:colcon.colcon_cmake.task.cmake.build:Building CMake package in '/home/aimane/drone_control_ws/src/se3_controller'
[0.394s] INFO:colcon.colcon_core.plugin_system:Skipping extension 'colcon_core.shell.bat': Not used on non-Windows systems
[0.394s] INFO:colcon.colcon_core.shell:Skip shell extension 'powershell' for command environment: Not usable outside of PowerShell
[0.395s] DEBUG:colcon.colcon_core.shell:Skip shell extension 'dsv' for command environment
[0.411s] DEBUG:colcon.colcon_core.event_handler.log_command:Invoking command in '/home/aimane/drone_control_ws/src/se3_controller/build/se3_controller': CMAKE_PREFIX_PATH=/home/aimane/DevProject/DevArdu_ws/install/trajectory_generation:/home/aimane/DevProject/DevArdu_ws/install/sitl_comm_cpp:/home/aimane/DevProject/DevArdu_ws/install/sitl_test:/home/aimane/vnav23/labs/lab4/install/tesse_ros_bridge:/opt/ros/humble:/home/aimane/DevProject/DevArdu_ws/install/mav_visualization:/home/aimane/DevProject/DevArdu_ws/install/mav_trajectory_generation:/home/aimane/DevProject/DevArdu_ws/install/mav_comm:/home/aimane/DevProject/DevArdu_ws/install/mav_system_msgs:/home/aimane/DevProject/DevArdu_ws/install/mav_state_machine_msgs:/home/aimane/DevProject/DevArdu_ws/install/mav_planning_msgs:/home/aimane/DevProject/DevArdu_ws/install/mav_msgs:/home/aimane/DevProject/DevArdu_ws/install/ardupilot_bridge:/home/aimane/vnav23/labs/lab4/install/trajectory_generation:/home/aimane/vnav23/labs/lab4/install/tesse_msgs:/home/aimane/vnav23/labs/lab4/install/planner_pkg:/home/aimane/vnav23/labs/lab4/install/mav_visualization:/home/aimane/vnav23/labs/lab4/install/mav_trajectory_generation:/home/aimane/vnav23/labs/lab4/install/mav_comm:/home/aimane/vnav23/labs/lab4/install/mav_system_msgs:/home/aimane/vnav23/labs/lab4/install/mav_state_machine_msgs:/home/aimane/vnav23/labs/lab4/install/mav_planning_msgs:/home/aimane/vnav23/labs/lab4/install/controller_pkg:/home/aimane/vnav23/labs/lab4/install/mav_msgs /usr/bin/cmake --build /home/aimane/drone_control_ws/src/se3_controller/build/se3_controller -- -j8 -l8
[14.976s] DEBUG:colcon.colcon_core.event_handler.log_command:Invoked command in '/home/aimane/drone_control_ws/src/se3_controller/build/se3_controller' returned '0': CMAKE_PREFIX_PATH=/home/aimane/DevProject/DevArdu_ws/install/trajectory_generation:/home/aimane/DevProject/DevArdu_ws/install/sitl_comm_cpp:/home/aimane/DevProject/DevArdu_ws/install/sitl_test:/home/aimane/vnav23/labs/lab4/install/tesse_ros_bridge:/opt/ros/humble:/home/aimane/DevProject/DevArdu_ws/install/mav_visualization:/home/aimane/DevProject/DevArdu_ws/install/mav_trajectory_generation:/home/aimane/DevProject/DevArdu_ws/install/mav_comm:/home/aimane/DevProject/DevArdu_ws/install/mav_system_msgs:/home/aimane/DevProject/DevArdu_ws/install/mav_state_machine_msgs:/home/aimane/DevProject/DevArdu_ws/install/mav_planning_msgs:/home/aimane/DevProject/DevArdu_ws/install/mav_msgs:/home/aimane/DevProject/DevArdu_ws/install/ardupilot_bridge:/home/aimane/vnav23/labs/lab4/install/trajectory_generation:/home/aimane/vnav23/labs/lab4/install/tesse_msgs:/home/aimane/vnav23/labs/lab4/install/planner_pkg:/home/aimane/vnav23/labs/lab4/install/mav_visualization:/home/aimane/vnav23/labs/lab4/install/mav_trajectory_generation:/home/aimane/vnav23/labs/lab4/install/mav_comm:/home/aimane/vnav23/labs/lab4/install/mav_system_msgs:/home/aimane/vnav23/labs/lab4/install/mav_state_machine_msgs:/home/aimane/vnav23/labs/lab4/install/mav_planning_msgs:/home/aimane/vnav23/labs/lab4/install/controller_pkg:/home/aimane/vnav23/labs/lab4/install/mav_msgs /usr/bin/cmake --build /home/aimane/drone_control_ws/src/se3_controller/build/se3_controller -- -j8 -l8
[14.990s] DEBUG:colcon.colcon_core.event_handler.log_command:Invoking command in '/home/aimane/drone_control_ws/src/se3_controller/build/se3_controller': CMAKE_PREFIX_PATH=/home/aimane/DevProject/DevArdu_ws/install/trajectory_generation:/home/aimane/DevProject/DevArdu_ws/install/sitl_comm_cpp:/home/aimane/DevProject/DevArdu_ws/install/sitl_test:/home/aimane/vnav23/labs/lab4/install/tesse_ros_bridge:/opt/ros/humble:/home/aimane/DevProject/DevArdu_ws/install/mav_visualization:/home/aimane/DevProject/DevArdu_ws/install/mav_trajectory_generation:/home/aimane/DevProject/DevArdu_ws/install/mav_comm:/home/aimane/DevProject/DevArdu_ws/install/mav_system_msgs:/home/aimane/DevProject/DevArdu_ws/install/mav_state_machine_msgs:/home/aimane/DevProject/DevArdu_ws/install/mav_planning_msgs:/home/aimane/DevProject/DevArdu_ws/install/mav_msgs:/home/aimane/DevProject/DevArdu_ws/install/ardupilot_bridge:/home/aimane/vnav23/labs/lab4/install/trajectory_generation:/home/aimane/vnav23/labs/lab4/install/tesse_msgs:/home/aimane/vnav23/labs/lab4/install/planner_pkg:/home/aimane/vnav23/labs/lab4/install/mav_visualization:/home/aimane/vnav23/labs/lab4/install/mav_trajectory_generation:/home/aimane/vnav23/labs/lab4/install/mav_comm:/home/aimane/vnav23/labs/lab4/install/mav_system_msgs:/home/aimane/vnav23/labs/lab4/install/mav_state_machine_msgs:/home/aimane/vnav23/labs/lab4/install/mav_planning_msgs:/home/aimane/vnav23/labs/lab4/install/controller_pkg:/home/aimane/vnav23/labs/lab4/install/mav_msgs /usr/bin/cmake --install /home/aimane/drone_control_ws/src/se3_controller/build/se3_controller
[15.008s] Level 1:colcon.colcon_core.environment:create_environment_scripts_only(se3_controller)
[15.008s] DEBUG:colcon.colcon_core.event_handler.log_command:Invoked command in '/home/aimane/drone_control_ws/src/se3_controller/build/se3_controller' returned '0': CMAKE_PREFIX_PATH=/home/aimane/DevProject/DevArdu_ws/install/trajectory_generation:/home/aimane/DevProject/DevArdu_ws/install/sitl_comm_cpp:/home/aimane/DevProject/DevArdu_ws/install/sitl_test:/home/aimane/vnav23/labs/lab4/install/tesse_ros_bridge:/opt/ros/humble:/home/aimane/DevProject/DevArdu_ws/install/mav_visualization:/home/aimane/DevProject/DevArdu_ws/install/mav_trajectory_generation:/home/aimane/DevProject/DevArdu_ws/install/mav_comm:/home/aimane/DevProject/DevArdu_ws/install/mav_system_msgs:/home/aimane/DevProject/DevArdu_ws/install/mav_state_machine_msgs:/home/aimane/DevProject/DevArdu_ws/install/mav_planning_msgs:/home/aimane/DevProject/DevArdu_ws/install/mav_msgs:/home/aimane/DevProject/DevArdu_ws/install/ardupilot_bridge:/home/aimane/vnav23/labs/lab4/install/trajectory_generation:/home/aimane/vnav23/labs/lab4/install/tesse_msgs:/home/aimane/vnav23/labs/lab4/install/planner_pkg:/home/aimane/vnav23/labs/lab4/install/mav_visualization:/home/aimane/vnav23/labs/lab4/install/mav_trajectory_generation:/home/aimane/vnav23/labs/lab4/install/mav_comm:/home/aimane/vnav23/labs/lab4/install/mav_system_msgs:/home/aimane/vnav23/labs/lab4/install/mav_state_machine_msgs:/home/aimane/vnav23/labs/lab4/install/mav_planning_msgs:/home/aimane/vnav23/labs/lab4/install/controller_pkg:/home/aimane/vnav23/labs/lab4/install/mav_msgs /usr/bin/cmake --install /home/aimane/drone_control_ws/src/se3_controller/build/se3_controller
[15.011s] Level 1:colcon.colcon_core.environment:checking '/home/aimane/drone_control_ws/src/se3_controller/install/se3_controller' for CMake module files
[15.012s] Level 1:colcon.colcon_core.environment:checking '/home/aimane/drone_control_ws/src/se3_controller/install/se3_controller' for CMake config files
[15.012s] Level 1:colcon.colcon_core.shell:create_environment_hook('se3_controller', 'cmake_prefix_path')
[15.012s] INFO:colcon.colcon_core.shell:Creating environment hook '/home/aimane/drone_control_ws/src/se3_controller/install/se3_controller/share/se3_controller/hook/cmake_prefix_path.ps1'
[15.013s] INFO:colcon.colcon_core.shell:Creating environment descriptor '/home/aimane/drone_control_ws/src/se3_controller/install/se3_controller/share/se3_controller/hook/cmake_prefix_path.dsv'
[15.013s] INFO:colcon.colcon_core.shell:Creating environment hook '/home/aimane/drone_control_ws/src/se3_controller/install/se3_controller/share/se3_controller/hook/cmake_prefix_path.sh'
[15.014s] Level 1:colcon.colcon_core.environment:checking '/home/aimane/drone_control_ws/src/se3_controller/install/se3_controller/lib'
[15.015s] Level 1:colcon.colcon_core.environment:checking '/home/aimane/drone_control_ws/src/se3_controller/install/se3_controller/bin'
[15.015s] Level 1:colcon.colcon_core.environment:checking '/home/aimane/drone_control_ws/src/se3_controller/install/se3_controller/lib/pkgconfig/se3_controller.pc'
[15.017s] Level 1:colcon.colcon_core.environment:checking '/home/aimane/drone_control_ws/src/se3_controller/install/se3_controller/lib/python3.10/site-packages'
[15.017s] Level 1:colcon.colcon_core.environment:checking '/home/aimane/drone_control_ws/src/se3_controller/install/se3_controller/bin'
[15.017s] INFO:colcon.colcon_core.shell:Creating package script '/home/aimane/drone_control_ws/src/se3_controller/install/se3_controller/share/se3_controller/package.ps1'
[15.018s] INFO:colcon.colcon_core.shell:Creating package descriptor '/home/aimane/drone_control_ws/src/se3_controller/install/se3_controller/share/se3_controller/package.dsv'
[15.019s] INFO:colcon.colcon_core.shell:Creating package script '/home/aimane/drone_control_ws/src/se3_controller/install/se3_controller/share/se3_controller/package.sh'
[15.020s] INFO:colcon.colcon_core.shell:Creating package script '/home/aimane/drone_control_ws/src/se3_controller/install/se3_controller/share/se3_controller/package.bash'
[15.020s] INFO:colcon.colcon_core.shell:Creating package script '/home/aimane/drone_control_ws/src/se3_controller/install/se3_controller/share/se3_controller/package.zsh'
[15.021s] Level 1:colcon.colcon_core.environment:create_file_with_runtime_dependencies(/home/aimane/drone_control_ws/src/se3_controller/install/se3_controller/share/colcon-core/packages/se3_controller)
[15.022s] Level 1:colcon.colcon_core.environment:create_environment_scripts_only(se3_controller)
[15.022s] Level 1:colcon.colcon_core.environment:checking '/home/aimane/drone_control_ws/src/se3_controller/install/se3_controller' for CMake module files
[15.023s] Level 1:colcon.colcon_core.environment:checking '/home/aimane/drone_control_ws/src/se3_controller/install/se3_controller' for CMake config files
[15.023s] Level 1:colcon.colcon_core.shell:create_environment_hook('se3_controller', 'cmake_prefix_path')
[15.023s] INFO:colcon.colcon_core.shell:Creating environment hook '/home/aimane/drone_control_ws/src/se3_controller/install/se3_controller/share/se3_controller/hook/cmake_prefix_path.ps1'
[15.024s] INFO:colcon.colcon_core.shell:Creating environment descriptor '/home/aimane/drone_control_ws/src/se3_controller/install/se3_controller/share/se3_controller/hook/cmake_prefix_path.dsv'
[15.024s] INFO:colcon.colcon_core.shell:Creating environment hook '/home/aimane/drone_control_ws/src/se3_controller/install/se3_controller/share/se3_controller/hook/cmake_prefix_path.sh'
[15.025s] Level 1:colcon.colcon_core.environment:checking '/home/aimane/drone_control_ws/src/se3_controller/install/se3_controller/lib'
[15.025s] Level 1:colcon.colcon_core.environment:checking '/home/aimane/drone_control_ws/src/se3_controller/install/se3_controller/bin'
[15.025s] Level 1:colcon.colcon_core.environment:checking '/home/aimane/drone_control_ws/src/se3_controller/install/se3_controller/lib/pkgconfig/se3_controller.pc'
[15.025s] Level 1:colcon.colcon_core.environment:checking '/home/aimane/drone_control_ws/src/se3_controller/install/se3_controller/lib/python3.10/site-packages'
[15.026s] Level 1:colcon.colcon_core.environment:checking '/home/aimane/drone_control_ws/src/se3_controller/install/se3_controller/bin'
[15.026s] INFO:colcon.colcon_core.shell:Creating package script '/home/aimane/drone_control_ws/src/se3_controller/install/se3_controller/share/se3_controller/package.ps1'
[15.026s] INFO:colcon.colcon_core.shell:Creating package descriptor '/home/aimane/drone_control_ws/src/se3_controller/install/se3_controller/share/se3_controller/package.dsv'
[15.027s] INFO:colcon.colcon_core.shell:Creating package script '/home/aimane/drone_control_ws/src/se3_controller/install/se3_controller/share/se3_controller/package.sh'
[15.027s] INFO:colcon.colcon_core.shell:Creating package script '/home/aimane/drone_control_ws/src/se3_controller/install/se3_controller/share/se3_controller/package.bash'
[15.028s] INFO:colcon.colcon_core.shell:Creating package script '/home/aimane/drone_control_ws/src/se3_controller/install/se3_controller/share/se3_controller/package.zsh'
[15.028s] Level 1:colcon.colcon_core.environment:create_file_with_runtime_dependencies(/home/aimane/drone_control_ws/src/se3_controller/install/se3_controller/share/colcon-core/packages/se3_controller)
[15.029s] DEBUG:colcon.colcon_parallel_executor.executor.parallel:closing loop
[15.029s] DEBUG:colcon.colcon_parallel_executor.executor.parallel:loop closed
[15.029s] DEBUG:colcon.colcon_parallel_executor.executor.parallel:run_until_complete finished with '0'
[15.029s] DEBUG:colcon.colcon_core.event_reactor:joining thread
[15.035s] INFO:colcon.colcon_core.plugin_system:Skipping extension 'colcon_notification.desktop_notification.notify_send': Could not find 'notify-send'
[15.036s] INFO:colcon.colcon_core.plugin_system:Skipping extension 'colcon_notification.desktop_notification.terminal_notifier': Not used on non-Darwin systems
[15.036s] INFO:colcon.colcon_core.plugin_system:Skipping extension 'colcon_notification.desktop_notification.win32': Not used on non-Windows systems
[15.036s] INFO:colcon.colcon_notification.desktop_notification:Sending desktop notification using 'notify2'
[15.039s] DEBUG:colcon.colcon_notification.desktop_notification.notify2:Failed to initialize notify2: org.freedesktop.DBus.Error.Spawn.ExecFailed: /usr/bin/dbus-launch terminated abnormally without any error message
[15.040s] DEBUG:colcon.colcon_core.event_reactor:joined thread
[15.040s] INFO:colcon.colcon_core.shell:Creating prefix script '/home/aimane/drone_control_ws/src/se3_controller/install/local_setup.ps1'
[15.042s] INFO:colcon.colcon_core.shell:Creating prefix util module '/home/aimane/drone_control_ws/src/se3_controller/install/_local_setup_util_ps1.py'
[15.043s] INFO:colcon.colcon_core.shell:Creating prefix chain script '/home/aimane/drone_control_ws/src/se3_controller/install/setup.ps1'
[15.046s] INFO:colcon.colcon_core.shell:Creating prefix script '/home/aimane/drone_control_ws/src/se3_controller/install/local_setup.sh'
[15.047s] INFO:colcon.colcon_core.shell:Creating prefix util module '/home/aimane/drone_control_ws/src/se3_controller/install/_local_setup_util_sh.py'
[15.047s] INFO:colcon.colcon_core.shell:Creating prefix chain script '/home/aimane/drone_control_ws/src/se3_controller/install/setup.sh'
[15.050s] INFO:colcon.colcon_core.shell:Creating prefix script '/home/aimane/drone_control_ws/src/se3_controller/install/local_setup.bash'
[15.051s] INFO:colcon.colcon_core.shell:Creating prefix chain script '/home/aimane/drone_control_ws/src/se3_controller/install/setup.bash'
[15.053s] INFO:colcon.colcon_core.shell:Creating prefix script '/home/aimane/drone_control_ws/src/se3_controller/install/local_setup.zsh'
[15.054s] INFO:colcon.colcon_core.shell:Creating prefix chain script '/home/aimane/drone_control_ws/src/se3_controller/install/setup.zsh'
