[0.141s] Invoking command in '/home/aimane/drone_control_ws/src/se3_controller/build/se3_controller': CMAKE_PREFIX_PATH=/home/aimane/drone_control_ws/src/se3_controller/install/se3_controller:/home/aimane/DevProject/DevArdu_ws/install/trajectory_generation:/home/aimane/DevProject/DevArdu_ws/install/sitl_comm_cpp:/home/aimane/drone_control_ws/install/geometric_controller_pkg:/home/aimane/DevProject/DevArdu_ws/install/sitl_test:/home/aimane/vnav23/labs/lab4/install/tesse_ros_bridge:/opt/ros/humble:/home/aimane/DevProject/DevArdu_ws/install/mav_visualization:/home/aimane/DevProject/DevArdu_ws/install/mav_trajectory_generation:/home/aimane/DevProject/DevArdu_ws/install/mav_comm:/home/aimane/DevProject/DevArdu_ws/install/mav_system_msgs:/home/aimane/DevProject/DevArdu_ws/install/mav_state_machine_msgs:/home/aimane/DevProject/DevArdu_ws/install/mav_planning_msgs:/home/aimane/DevProject/DevArdu_ws/install/mav_msgs:/home/aimane/DevProject/DevArdu_ws/install/ardupilot_bridge:/home/aimane/vnav23/labs/lab4/install/trajectory_generation:/home/aimane/vnav23/labs/lab4/install/tesse_msgs:/home/aimane/vnav23/labs/lab4/install/planner_pkg:/home/aimane/vnav23/labs/lab4/install/mav_visualization:/home/aimane/vnav23/labs/lab4/install/mav_trajectory_generation:/home/aimane/vnav23/labs/lab4/install/mav_comm:/home/aimane/vnav23/labs/lab4/install/mav_system_msgs:/home/aimane/vnav23/labs/lab4/install/mav_state_machine_msgs:/home/aimane/vnav23/labs/lab4/install/mav_planning_msgs:/home/aimane/vnav23/labs/lab4/install/controller_pkg:/home/aimane/vnav23/labs/lab4/install/mav_msgs /usr/bin/cmake --build /home/aimane/drone_control_ws/src/se3_controller/build/se3_controller -- -j8 -l8
[0.531s] [35m[1mConsolidate compiler generated dependencies of target controller_node[0m
[0.827s] [ 50%] [32mBuilding CXX object CMakeFiles/controller_node.dir/src/controller_node.cpp.o[0m
[24.312s] [01m[K/home/aimane/drone_control_ws/src/se3_controller/src/controller_node.cpp:[m[K In constructor ‘[01m[KControllerNode::ControllerNode()[m[K’:
[24.312s] [01m[K/home/aimane/drone_control_ws/src/se3_controller/src/controller_node.cpp:30:10:[m[K [01;35m[Kwarning: [m[K‘[01m[KControllerNode::yawd[m[K’ will be initialized after [[01;35m[K-Wreorder[m[K]
[24.313s]    30 |   double [01;35m[Kyawd[m[K;
[24.313s]       |          [01;35m[K^~~~[m[K
[24.313s] [01m[K/home/aimane/drone_control_ws/src/se3_controller/src/controller_node.cpp:24:19:[m[K [01;35m[Kwarning: [m[K  ‘[01m[KEigen::Vector3d ControllerNode::e3[m[K’ [[01;35m[K-Wreorder[m[K]
[24.314s]    24 |   Eigen::Vector3d [01;35m[Ke3[m[K;
[24.320s]       |                   [01;35m[K^~[m[K
[24.326s] [01m[K/home/aimane/drone_control_ws/src/se3_controller/src/controller_node.cpp:41:3:[m[K [01;35m[Kwarning: [m[K  when initialized here [[01;35m[K-Wreorder[m[K]
[24.329s]    41 |   [01;35m[KControllerNode[m[K()
[24.330s]       |   [01;35m[K^~~~~~~~~~~~~~[m[K
[25.207s] [01m[K/home/aimane/drone_control_ws/src/se3_controller/src/controller_node.cpp:[m[K In member function ‘[01m[Kvoid ControllerNode::controlLoop()[m[K’:
[25.223s] [01m[K/home/aimane/drone_control_ws/src/se3_controller/src/controller_node.cpp:129:21:[m[K [01;35m[Kwarning: [m[Kvariable ‘[01m[Ker[m[K’ set but not used [[01;35m[K-Wunused-but-set-variable[m[K]
[25.224s]   129 |     Eigen::Vector3d [01;35m[Ker[m[K     = 0.5 * Vee(Rd.transpose() * R - R.transpose() * Rd);
[25.224s]       |                     [01;35m[K^~[m[K
[25.225s] [01m[K/home/aimane/drone_control_ws/src/se3_controller/src/controller_node.cpp:130:21:[m[K [01;35m[Kwarning: [m[Kvariable ‘[01m[Keomega[m[K’ set but not used [[01;35m[K-Wunused-but-set-variable[m[K]
[25.231s]   130 |     Eigen::Vector3d [01;35m[Keomega[m[K = omega;
[25.232s]       |                     [01;35m[K^~~~~~[m[K
[79.473s] [100%] [32m[1mLinking CXX executable controller_node[0m
[82.762s] [100%] Built target controller_node
[82.814s] Invoked command in '/home/aimane/drone_control_ws/src/se3_controller/build/se3_controller' returned '0': CMAKE_PREFIX_PATH=/home/aimane/drone_control_ws/src/se3_controller/install/se3_controller:/home/aimane/DevProject/DevArdu_ws/install/trajectory_generation:/home/aimane/DevProject/DevArdu_ws/install/sitl_comm_cpp:/home/aimane/drone_control_ws/install/geometric_controller_pkg:/home/aimane/DevProject/DevArdu_ws/install/sitl_test:/home/aimane/vnav23/labs/lab4/install/tesse_ros_bridge:/opt/ros/humble:/home/aimane/DevProject/DevArdu_ws/install/mav_visualization:/home/aimane/DevProject/DevArdu_ws/install/mav_trajectory_generation:/home/aimane/DevProject/DevArdu_ws/install/mav_comm:/home/aimane/DevProject/DevArdu_ws/install/mav_system_msgs:/home/aimane/DevProject/DevArdu_ws/install/mav_state_machine_msgs:/home/aimane/DevProject/DevArdu_ws/install/mav_planning_msgs:/home/aimane/DevProject/DevArdu_ws/install/mav_msgs:/home/aimane/DevProject/DevArdu_ws/install/ardupilot_bridge:/home/aimane/vnav23/labs/lab4/install/trajectory_generation:/home/aimane/vnav23/labs/lab4/install/tesse_msgs:/home/aimane/vnav23/labs/lab4/install/planner_pkg:/home/aimane/vnav23/labs/lab4/install/mav_visualization:/home/aimane/vnav23/labs/lab4/install/mav_trajectory_generation:/home/aimane/vnav23/labs/lab4/install/mav_comm:/home/aimane/vnav23/labs/lab4/install/mav_system_msgs:/home/aimane/vnav23/labs/lab4/install/mav_state_machine_msgs:/home/aimane/vnav23/labs/lab4/install/mav_planning_msgs:/home/aimane/vnav23/labs/lab4/install/controller_pkg:/home/aimane/vnav23/labs/lab4/install/mav_msgs /usr/bin/cmake --build /home/aimane/drone_control_ws/src/se3_controller/build/se3_controller -- -j8 -l8
[82.869s] Invoking command in '/home/aimane/drone_control_ws/src/se3_controller/build/se3_controller': CMAKE_PREFIX_PATH=/home/aimane/drone_control_ws/src/se3_controller/install/se3_controller:/home/aimane/DevProject/DevArdu_ws/install/trajectory_generation:/home/aimane/DevProject/DevArdu_ws/install/sitl_comm_cpp:/home/aimane/drone_control_ws/install/geometric_controller_pkg:/home/aimane/DevProject/DevArdu_ws/install/sitl_test:/home/aimane/vnav23/labs/lab4/install/tesse_ros_bridge:/opt/ros/humble:/home/aimane/DevProject/DevArdu_ws/install/mav_visualization:/home/aimane/DevProject/DevArdu_ws/install/mav_trajectory_generation:/home/aimane/DevProject/DevArdu_ws/install/mav_comm:/home/aimane/DevProject/DevArdu_ws/install/mav_system_msgs:/home/aimane/DevProject/DevArdu_ws/install/mav_state_machine_msgs:/home/aimane/DevProject/DevArdu_ws/install/mav_planning_msgs:/home/aimane/DevProject/DevArdu_ws/install/mav_msgs:/home/aimane/DevProject/DevArdu_ws/install/ardupilot_bridge:/home/aimane/vnav23/labs/lab4/install/trajectory_generation:/home/aimane/vnav23/labs/lab4/install/tesse_msgs:/home/aimane/vnav23/labs/lab4/install/planner_pkg:/home/aimane/vnav23/labs/lab4/install/mav_visualization:/home/aimane/vnav23/labs/lab4/install/mav_trajectory_generation:/home/aimane/vnav23/labs/lab4/install/mav_comm:/home/aimane/vnav23/labs/lab4/install/mav_system_msgs:/home/aimane/vnav23/labs/lab4/install/mav_state_machine_msgs:/home/aimane/vnav23/labs/lab4/install/mav_planning_msgs:/home/aimane/vnav23/labs/lab4/install/controller_pkg:/home/aimane/vnav23/labs/lab4/install/mav_msgs /usr/bin/cmake --install /home/aimane/drone_control_ws/src/se3_controller/build/se3_controller
[82.908s] -- Install configuration: ""
[82.909s] -- Up-to-date: /home/aimane/drone_control_ws/src/se3_controller/install/se3_controller/share/se3_controller/config
[82.910s] -- Up-to-date: /home/aimane/drone_control_ws/src/se3_controller/install/se3_controller/share/se3_controller/config/params.yaml
[82.911s] -- Up-to-date: /home/aimane/drone_control_ws/src/se3_controller/install/se3_controller/share/se3_controller/launch
[82.911s] -- Up-to-date: /home/aimane/drone_control_ws/src/se3_controller/install/se3_controller/share/se3_controller/launch/se3_controller_launch.py
[82.912s] -- Installing: /home/aimane/drone_control_ws/src/se3_controller/install/se3_controller/lib/se3_controller/controller_node
[82.934s] -- Set runtime path of "/home/aimane/drone_control_ws/src/se3_controller/install/se3_controller/lib/se3_controller/controller_node" to ""
[82.935s] -- Up-to-date: /home/aimane/drone_control_ws/src/se3_controller/install/se3_controller/share/se3_controller/launch
[82.936s] -- Up-to-date: /home/aimane/drone_control_ws/src/se3_controller/install/se3_controller/share/se3_controller/launch/se3_controller_launch.py
[82.936s] -- Up-to-date: /home/aimane/drone_control_ws/src/se3_controller/install/se3_controller/share/se3_controller/config
[82.937s] -- Up-to-date: /home/aimane/drone_control_ws/src/se3_controller/install/se3_controller/share/se3_controller/config/params.yaml
[82.937s] -- Up-to-date: /home/aimane/drone_control_ws/src/se3_controller/install/se3_controller/share/ament_index/resource_index/package_run_dependencies/se3_controller
[82.938s] -- Up-to-date: /home/aimane/drone_control_ws/src/se3_controller/install/se3_controller/share/ament_index/resource_index/parent_prefix_path/se3_controller
[82.939s] -- Up-to-date: /home/aimane/drone_control_ws/src/se3_controller/install/se3_controller/share/se3_controller/environment/ament_prefix_path.sh
[82.939s] -- Up-to-date: /home/aimane/drone_control_ws/src/se3_controller/install/se3_controller/share/se3_controller/environment/ament_prefix_path.dsv
[82.940s] -- Up-to-date: /home/aimane/drone_control_ws/src/se3_controller/install/se3_controller/share/se3_controller/environment/path.sh
[82.941s] -- Up-to-date: /home/aimane/drone_control_ws/src/se3_controller/install/se3_controller/share/se3_controller/environment/path.dsv
[82.942s] -- Up-to-date: /home/aimane/drone_control_ws/src/se3_controller/install/se3_controller/share/se3_controller/local_setup.bash
[82.943s] -- Up-to-date: /home/aimane/drone_control_ws/src/se3_controller/install/se3_controller/share/se3_controller/local_setup.sh
[82.944s] -- Up-to-date: /home/aimane/drone_control_ws/src/se3_controller/install/se3_controller/share/se3_controller/local_setup.zsh
[82.945s] -- Up-to-date: /home/aimane/drone_control_ws/src/se3_controller/install/se3_controller/share/se3_controller/local_setup.dsv
[82.946s] -- Installing: /home/aimane/drone_control_ws/src/se3_controller/install/se3_controller/share/se3_controller/package.dsv
[82.947s] -- Up-to-date: /home/aimane/drone_control_ws/src/se3_controller/install/se3_controller/share/ament_index/resource_index/packages/se3_controller
[82.948s] -- Up-to-date: /home/aimane/drone_control_ws/src/se3_controller/install/se3_controller/share/se3_controller/cmake/se3_controllerConfig.cmake
[82.949s] -- Up-to-date: /home/aimane/drone_control_ws/src/se3_controller/install/se3_controller/share/se3_controller/cmake/se3_controllerConfig-version.cmake
[82.951s] -- Up-to-date: /home/aimane/drone_control_ws/src/se3_controller/install/se3_controller/share/se3_controller/package.xml
[82.954s] Invoked command in '/home/aimane/drone_control_ws/src/se3_controller/build/se3_controller' returned '0': CMAKE_PREFIX_PATH=/home/aimane/drone_control_ws/src/se3_controller/install/se3_controller:/home/aimane/DevProject/DevArdu_ws/install/trajectory_generation:/home/aimane/DevProject/DevArdu_ws/install/sitl_comm_cpp:/home/aimane/drone_control_ws/install/geometric_controller_pkg:/home/aimane/DevProject/DevArdu_ws/install/sitl_test:/home/aimane/vnav23/labs/lab4/install/tesse_ros_bridge:/opt/ros/humble:/home/aimane/DevProject/DevArdu_ws/install/mav_visualization:/home/aimane/DevProject/DevArdu_ws/install/mav_trajectory_generation:/home/aimane/DevProject/DevArdu_ws/install/mav_comm:/home/aimane/DevProject/DevArdu_ws/install/mav_system_msgs:/home/aimane/DevProject/DevArdu_ws/install/mav_state_machine_msgs:/home/aimane/DevProject/DevArdu_ws/install/mav_planning_msgs:/home/aimane/DevProject/DevArdu_ws/install/mav_msgs:/home/aimane/DevProject/DevArdu_ws/install/ardupilot_bridge:/home/aimane/vnav23/labs/lab4/install/trajectory_generation:/home/aimane/vnav23/labs/lab4/install/tesse_msgs:/home/aimane/vnav23/labs/lab4/install/planner_pkg:/home/aimane/vnav23/labs/lab4/install/mav_visualization:/home/aimane/vnav23/labs/lab4/install/mav_trajectory_generation:/home/aimane/vnav23/labs/lab4/install/mav_comm:/home/aimane/vnav23/labs/lab4/install/mav_system_msgs:/home/aimane/vnav23/labs/lab4/install/mav_state_machine_msgs:/home/aimane/vnav23/labs/lab4/install/mav_planning_msgs:/home/aimane/vnav23/labs/lab4/install/controller_pkg:/home/aimane/vnav23/labs/lab4/install/mav_msgs /usr/bin/cmake --install /home/aimane/drone_control_ws/src/se3_controller/build/se3_controller
