[0.867s] DEBUG:colcon:Command line arguments: ['/usr/bin/colcon', 'build', '--packages-select', 'se3_controller']
[0.868s] DEBUG:colcon:Parsed command line arguments: Namespace(log_base=None, log_level=None, verb_name='build', build_base='build', install_base='install', merge_install=False, symlink_install=False, test_result_base=None, continue_on_error=False, executor='parallel', parallel_workers=8, event_handlers=None, ignore_user_meta=False, metas=['./colcon.meta'], base_paths=['.'], packages_ignore=None, packages_ignore_regex=None, paths=None, packages_up_to=None, packages_up_to_regex=None, packages_above=None, packages_above_and_dependencies=None, packages_above_depth=None, packages_select_by_dep=None, packages_skip_by_dep=None, packages_skip_up_to=None, packages_select_build_failed=False, packages_skip_build_finished=False, packages_select_test_failures=False, packages_skip_test_passed=False, packages_select=['se3_controller'], packages_skip=None, packages_select_regex=None, packages_skip_regex=None, packages_start=None, packages_end=None, cmake_args=None, cmake_target=None, cmake_target_skip_unavailable=False, cmake_clean_cache=False, cmake_clean_first=False, cmake_force_configure=False, ament_cmake_args=None, catkin_cmake_args=None, catkin_skip_building_tests=False, mixin_files=None, mixin=None, verb_parser=<colcon_mixin.mixin.mixin_argument.MixinArgumentDecorator object at 0x7d28daa3c400>, verb_extension=<colcon_core.verb.build.BuildVerb object at 0x7d28dabd1a20>, main=<bound method BuildVerb.main of <colcon_core.verb.build.BuildVerb object at 0x7d28dabd1a20>>, mixin_verb=('build',))
[2.368s] Level 1:colcon.colcon_core.package_discovery:discover_packages(colcon_meta) check parameters
[2.368s] Level 1:colcon.colcon_core.package_discovery:discover_packages(recursive) check parameters
[2.368s] Level 1:colcon.colcon_core.package_discovery:discover_packages(ignore) check parameters
[2.369s] Level 1:colcon.colcon_core.package_discovery:discover_packages(path) check parameters
[2.369s] Level 1:colcon.colcon_core.package_discovery:discover_packages(colcon_meta) discover
[2.369s] Level 1:colcon.colcon_core.package_discovery:discover_packages(recursive) discover
[2.369s] INFO:colcon.colcon_core.package_discovery:Crawling recursively for packages in '/home/aimane/drone_control_ws/src/se3_controller'
[2.370s] Level 1:colcon.colcon_core.package_identification:_identify(.) by extensions ['ignore', 'ignore_ament_install']
[2.370s] Level 1:colcon.colcon_core.package_identification:_identify(.) by extension 'ignore'
[2.371s] Level 1:colcon.colcon_core.package_identification:_identify(.) by extension 'ignore_ament_install'
[2.371s] Level 1:colcon.colcon_core.package_identification:_identify(.) by extensions ['colcon_pkg']
[2.371s] Level 1:colcon.colcon_core.package_identification:_identify(.) by extension 'colcon_pkg'
[2.371s] Level 1:colcon.colcon_core.package_identification:_identify(.) by extensions ['colcon_meta']
[2.372s] Level 1:colcon.colcon_core.package_identification:_identify(.) by extension 'colcon_meta'
[2.372s] Level 1:colcon.colcon_core.package_identification:_identify(.) by extensions ['ros']
[2.372s] Level 1:colcon.colcon_core.package_identification:_identify(.) by extension 'ros'
[2.461s] DEBUG:colcon.colcon_core.package_identification:Package '.' with type 'ros.ament_cmake' and name 'se3_controller'
[2.462s] Level 1:colcon.colcon_core.package_discovery:discover_packages(recursive) using defaults
[2.462s] Level 1:colcon.colcon_core.package_discovery:discover_packages(ignore) discover
[2.462s] Level 1:colcon.colcon_core.package_discovery:discover_packages(ignore) using defaults
[2.463s] Level 1:colcon.colcon_core.package_discovery:discover_packages(path) discover
[2.463s] Level 1:colcon.colcon_core.package_discovery:discover_packages(path) using defaults
[2.655s] Level 5:colcon.colcon_core.verb:set package 'se3_controller' build argument 'cmake_args' from command line to 'None'
[2.657s] Level 5:colcon.colcon_core.verb:set package 'se3_controller' build argument 'cmake_target' from command line to 'None'
[2.657s] Level 5:colcon.colcon_core.verb:set package 'se3_controller' build argument 'cmake_target_skip_unavailable' from command line to 'False'
[2.657s] Level 5:colcon.colcon_core.verb:set package 'se3_controller' build argument 'cmake_clean_cache' from command line to 'False'
[2.657s] Level 5:colcon.colcon_core.verb:set package 'se3_controller' build argument 'cmake_clean_first' from command line to 'False'
[2.658s] Level 5:colcon.colcon_core.verb:set package 'se3_controller' build argument 'cmake_force_configure' from command line to 'False'
[2.658s] Level 5:colcon.colcon_core.verb:set package 'se3_controller' build argument 'ament_cmake_args' from command line to 'None'
[2.658s] Level 5:colcon.colcon_core.verb:set package 'se3_controller' build argument 'catkin_cmake_args' from command line to 'None'
[2.658s] Level 5:colcon.colcon_core.verb:set package 'se3_controller' build argument 'catkin_skip_building_tests' from command line to 'False'
[2.658s] DEBUG:colcon.colcon_core.verb:Building package 'se3_controller' with the following arguments: {'ament_cmake_args': None, 'build_base': '/home/aimane/drone_control_ws/src/se3_controller/build/se3_controller', 'catkin_cmake_args': None, 'catkin_skip_building_tests': False, 'cmake_args': None, 'cmake_clean_cache': False, 'cmake_clean_first': False, 'cmake_force_configure': False, 'cmake_target': None, 'cmake_target_skip_unavailable': False, 'install_base': '/home/aimane/drone_control_ws/src/se3_controller/install/se3_controller', 'merge_install': False, 'path': '/home/aimane/drone_control_ws/src/se3_controller', 'symlink_install': False, 'test_result_base': None}
[2.660s] INFO:colcon.colcon_core.executor:Executing jobs using 'parallel' executor
[2.666s] DEBUG:colcon.colcon_parallel_executor.executor.parallel:run_until_complete
[2.669s] INFO:colcon.colcon_ros.task.ament_cmake.build:Building ROS package in '/home/aimane/drone_control_ws/src/se3_controller' with build type 'ament_cmake'
[2.671s] INFO:colcon.colcon_cmake.task.cmake.build:Building CMake package in '/home/aimane/drone_control_ws/src/se3_controller'
[2.688s] INFO:colcon.colcon_core.plugin_system:Skipping extension 'colcon_core.shell.bat': Not used on non-Windows systems
[2.689s] INFO:colcon.colcon_core.shell:Skip shell extension 'powershell' for command environment: Not usable outside of PowerShell
[2.690s] DEBUG:colcon.colcon_core.shell:Skip shell extension 'dsv' for command environment
[2.813s] DEBUG:colcon.colcon_core.event_handler.log_command:Invoking command in '/home/aimane/drone_control_ws/src/se3_controller/build/se3_controller': CMAKE_PREFIX_PATH=/home/aimane/drone_control_ws/src/se3_controller/install/se3_controller:/home/aimane/DevProject/DevArdu_ws/install/trajectory_generation:/home/aimane/DevProject/DevArdu_ws/install/sitl_comm_cpp:/home/aimane/drone_control_ws/install/geometric_controller_pkg:/home/aimane/DevProject/DevArdu_ws/install/sitl_test:/home/aimane/vnav23/labs/lab4/install/tesse_ros_bridge:/opt/ros/humble:/home/aimane/DevProject/DevArdu_ws/install/mav_visualization:/home/aimane/DevProject/DevArdu_ws/install/mav_trajectory_generation:/home/aimane/DevProject/DevArdu_ws/install/mav_comm:/home/aimane/DevProject/DevArdu_ws/install/mav_system_msgs:/home/aimane/DevProject/DevArdu_ws/install/mav_state_machine_msgs:/home/aimane/DevProject/DevArdu_ws/install/mav_planning_msgs:/home/aimane/DevProject/DevArdu_ws/install/mav_msgs:/home/aimane/DevProject/DevArdu_ws/install/ardupilot_bridge:/home/aimane/vnav23/labs/lab4/install/trajectory_generation:/home/aimane/vnav23/labs/lab4/install/tesse_msgs:/home/aimane/vnav23/labs/lab4/install/planner_pkg:/home/aimane/vnav23/labs/lab4/install/mav_visualization:/home/aimane/vnav23/labs/lab4/install/mav_trajectory_generation:/home/aimane/vnav23/labs/lab4/install/mav_comm:/home/aimane/vnav23/labs/lab4/install/mav_system_msgs:/home/aimane/vnav23/labs/lab4/install/mav_state_machine_msgs:/home/aimane/vnav23/labs/lab4/install/mav_planning_msgs:/home/aimane/vnav23/labs/lab4/install/controller_pkg:/home/aimane/vnav23/labs/lab4/install/mav_msgs /usr/bin/cmake --build /home/aimane/drone_control_ws/src/se3_controller/build/se3_controller -- -j8 -l8
[85.484s] DEBUG:colcon.colcon_core.event_handler.log_command:Invoked command in '/home/aimane/drone_control_ws/src/se3_controller/build/se3_controller' returned '0': CMAKE_PREFIX_PATH=/home/aimane/drone_control_ws/src/se3_controller/install/se3_controller:/home/aimane/DevProject/DevArdu_ws/install/trajectory_generation:/home/aimane/DevProject/DevArdu_ws/install/sitl_comm_cpp:/home/aimane/drone_control_ws/install/geometric_controller_pkg:/home/aimane/DevProject/DevArdu_ws/install/sitl_test:/home/aimane/vnav23/labs/lab4/install/tesse_ros_bridge:/opt/ros/humble:/home/aimane/DevProject/DevArdu_ws/install/mav_visualization:/home/aimane/DevProject/DevArdu_ws/install/mav_trajectory_generation:/home/aimane/DevProject/DevArdu_ws/install/mav_comm:/home/aimane/DevProject/DevArdu_ws/install/mav_system_msgs:/home/aimane/DevProject/DevArdu_ws/install/mav_state_machine_msgs:/home/aimane/DevProject/DevArdu_ws/install/mav_planning_msgs:/home/aimane/DevProject/DevArdu_ws/install/mav_msgs:/home/aimane/DevProject/DevArdu_ws/install/ardupilot_bridge:/home/aimane/vnav23/labs/lab4/install/trajectory_generation:/home/aimane/vnav23/labs/lab4/install/tesse_msgs:/home/aimane/vnav23/labs/lab4/install/planner_pkg:/home/aimane/vnav23/labs/lab4/install/mav_visualization:/home/aimane/vnav23/labs/lab4/install/mav_trajectory_generation:/home/aimane/vnav23/labs/lab4/install/mav_comm:/home/aimane/vnav23/labs/lab4/install/mav_system_msgs:/home/aimane/vnav23/labs/lab4/install/mav_state_machine_msgs:/home/aimane/vnav23/labs/lab4/install/mav_planning_msgs:/home/aimane/vnav23/labs/lab4/install/controller_pkg:/home/aimane/vnav23/labs/lab4/install/mav_msgs /usr/bin/cmake --build /home/aimane/drone_control_ws/src/se3_controller/build/se3_controller -- -j8 -l8
[85.539s] DEBUG:colcon.colcon_core.event_handler.log_command:Invoking command in '/home/aimane/drone_control_ws/src/se3_controller/build/se3_controller': CMAKE_PREFIX_PATH=/home/aimane/drone_control_ws/src/se3_controller/install/se3_controller:/home/aimane/DevProject/DevArdu_ws/install/trajectory_generation:/home/aimane/DevProject/DevArdu_ws/install/sitl_comm_cpp:/home/aimane/drone_control_ws/install/geometric_controller_pkg:/home/aimane/DevProject/DevArdu_ws/install/sitl_test:/home/aimane/vnav23/labs/lab4/install/tesse_ros_bridge:/opt/ros/humble:/home/aimane/DevProject/DevArdu_ws/install/mav_visualization:/home/aimane/DevProject/DevArdu_ws/install/mav_trajectory_generation:/home/aimane/DevProject/DevArdu_ws/install/mav_comm:/home/aimane/DevProject/DevArdu_ws/install/mav_system_msgs:/home/aimane/DevProject/DevArdu_ws/install/mav_state_machine_msgs:/home/aimane/DevProject/DevArdu_ws/install/mav_planning_msgs:/home/aimane/DevProject/DevArdu_ws/install/mav_msgs:/home/aimane/DevProject/DevArdu_ws/install/ardupilot_bridge:/home/aimane/vnav23/labs/lab4/install/trajectory_generation:/home/aimane/vnav23/labs/lab4/install/tesse_msgs:/home/aimane/vnav23/labs/lab4/install/planner_pkg:/home/aimane/vnav23/labs/lab4/install/mav_visualization:/home/aimane/vnav23/labs/lab4/install/mav_trajectory_generation:/home/aimane/vnav23/labs/lab4/install/mav_comm:/home/aimane/vnav23/labs/lab4/install/mav_system_msgs:/home/aimane/vnav23/labs/lab4/install/mav_state_machine_msgs:/home/aimane/vnav23/labs/lab4/install/mav_planning_msgs:/home/aimane/vnav23/labs/lab4/install/controller_pkg:/home/aimane/vnav23/labs/lab4/install/mav_msgs /usr/bin/cmake --install /home/aimane/drone_control_ws/src/se3_controller/build/se3_controller
[85.622s] Level 1:colcon.colcon_core.environment:create_environment_scripts_only(se3_controller)
[85.624s] DEBUG:colcon.colcon_core.event_handler.log_command:Invoked command in '/home/aimane/drone_control_ws/src/se3_controller/build/se3_controller' returned '0': CMAKE_PREFIX_PATH=/home/aimane/drone_control_ws/src/se3_controller/install/se3_controller:/home/aimane/DevProject/DevArdu_ws/install/trajectory_generation:/home/aimane/DevProject/DevArdu_ws/install/sitl_comm_cpp:/home/aimane/drone_control_ws/install/geometric_controller_pkg:/home/aimane/DevProject/DevArdu_ws/install/sitl_test:/home/aimane/vnav23/labs/lab4/install/tesse_ros_bridge:/opt/ros/humble:/home/aimane/DevProject/DevArdu_ws/install/mav_visualization:/home/aimane/DevProject/DevArdu_ws/install/mav_trajectory_generation:/home/aimane/DevProject/DevArdu_ws/install/mav_comm:/home/aimane/DevProject/DevArdu_ws/install/mav_system_msgs:/home/aimane/DevProject/DevArdu_ws/install/mav_state_machine_msgs:/home/aimane/DevProject/DevArdu_ws/install/mav_planning_msgs:/home/aimane/DevProject/DevArdu_ws/install/mav_msgs:/home/aimane/DevProject/DevArdu_ws/install/ardupilot_bridge:/home/aimane/vnav23/labs/lab4/install/trajectory_generation:/home/aimane/vnav23/labs/lab4/install/tesse_msgs:/home/aimane/vnav23/labs/lab4/install/planner_pkg:/home/aimane/vnav23/labs/lab4/install/mav_visualization:/home/aimane/vnav23/labs/lab4/install/mav_trajectory_generation:/home/aimane/vnav23/labs/lab4/install/mav_comm:/home/aimane/vnav23/labs/lab4/install/mav_system_msgs:/home/aimane/vnav23/labs/lab4/install/mav_state_machine_msgs:/home/aimane/vnav23/labs/lab4/install/mav_planning_msgs:/home/aimane/vnav23/labs/lab4/install/controller_pkg:/home/aimane/vnav23/labs/lab4/install/mav_msgs /usr/bin/cmake --install /home/aimane/drone_control_ws/src/se3_controller/build/se3_controller
[85.638s] Level 1:colcon.colcon_core.environment:checking '/home/aimane/drone_control_ws/src/se3_controller/install/se3_controller' for CMake module files
[85.643s] Level 1:colcon.colcon_core.environment:checking '/home/aimane/drone_control_ws/src/se3_controller/install/se3_controller' for CMake config files
[85.646s] Level 1:colcon.colcon_core.shell:create_environment_hook('se3_controller', 'cmake_prefix_path')
[85.647s] INFO:colcon.colcon_core.shell:Creating environment hook '/home/aimane/drone_control_ws/src/se3_controller/install/se3_controller/share/se3_controller/hook/cmake_prefix_path.ps1'
[85.651s] INFO:colcon.colcon_core.shell:Creating environment descriptor '/home/aimane/drone_control_ws/src/se3_controller/install/se3_controller/share/se3_controller/hook/cmake_prefix_path.dsv'
[85.654s] INFO:colcon.colcon_core.shell:Creating environment hook '/home/aimane/drone_control_ws/src/se3_controller/install/se3_controller/share/se3_controller/hook/cmake_prefix_path.sh'
[85.659s] Level 1:colcon.colcon_core.environment:checking '/home/aimane/drone_control_ws/src/se3_controller/install/se3_controller/lib'
[85.660s] Level 1:colcon.colcon_core.environment:checking '/home/aimane/drone_control_ws/src/se3_controller/install/se3_controller/bin'
[85.660s] Level 1:colcon.colcon_core.environment:checking '/home/aimane/drone_control_ws/src/se3_controller/install/se3_controller/lib/pkgconfig/se3_controller.pc'
[85.669s] Level 1:colcon.colcon_core.environment:checking '/home/aimane/drone_control_ws/src/se3_controller/install/se3_controller/lib/python3.10/site-packages'
[85.672s] Level 1:colcon.colcon_core.environment:checking '/home/aimane/drone_control_ws/src/se3_controller/install/se3_controller/bin'
[85.674s] INFO:colcon.colcon_core.shell:Creating package script '/home/aimane/drone_control_ws/src/se3_controller/install/se3_controller/share/se3_controller/package.ps1'
[85.679s] INFO:colcon.colcon_core.shell:Creating package descriptor '/home/aimane/drone_control_ws/src/se3_controller/install/se3_controller/share/se3_controller/package.dsv'
[85.682s] INFO:colcon.colcon_core.shell:Creating package script '/home/aimane/drone_control_ws/src/se3_controller/install/se3_controller/share/se3_controller/package.sh'
[85.686s] INFO:colcon.colcon_core.shell:Creating package script '/home/aimane/drone_control_ws/src/se3_controller/install/se3_controller/share/se3_controller/package.bash'
[85.692s] INFO:colcon.colcon_core.shell:Creating package script '/home/aimane/drone_control_ws/src/se3_controller/install/se3_controller/share/se3_controller/package.zsh'
[85.697s] Level 1:colcon.colcon_core.environment:create_file_with_runtime_dependencies(/home/aimane/drone_control_ws/src/se3_controller/install/se3_controller/share/colcon-core/packages/se3_controller)
[85.700s] Level 1:colcon.colcon_core.environment:create_environment_scripts_only(se3_controller)
[85.701s] Level 1:colcon.colcon_core.environment:checking '/home/aimane/drone_control_ws/src/se3_controller/install/se3_controller' for CMake module files
[85.705s] Level 1:colcon.colcon_core.environment:checking '/home/aimane/drone_control_ws/src/se3_controller/install/se3_controller' for CMake config files
[85.708s] Level 1:colcon.colcon_core.shell:create_environment_hook('se3_controller', 'cmake_prefix_path')
[85.709s] INFO:colcon.colcon_core.shell:Creating environment hook '/home/aimane/drone_control_ws/src/se3_controller/install/se3_controller/share/se3_controller/hook/cmake_prefix_path.ps1'
[85.712s] INFO:colcon.colcon_core.shell:Creating environment descriptor '/home/aimane/drone_control_ws/src/se3_controller/install/se3_controller/share/se3_controller/hook/cmake_prefix_path.dsv'
[85.714s] INFO:colcon.colcon_core.shell:Creating environment hook '/home/aimane/drone_control_ws/src/se3_controller/install/se3_controller/share/se3_controller/hook/cmake_prefix_path.sh'
[85.718s] Level 1:colcon.colcon_core.environment:checking '/home/aimane/drone_control_ws/src/se3_controller/install/se3_controller/lib'
[85.718s] Level 1:colcon.colcon_core.environment:checking '/home/aimane/drone_control_ws/src/se3_controller/install/se3_controller/bin'
[85.719s] Level 1:colcon.colcon_core.environment:checking '/home/aimane/drone_control_ws/src/se3_controller/install/se3_controller/lib/pkgconfig/se3_controller.pc'
[85.720s] Level 1:colcon.colcon_core.environment:checking '/home/aimane/drone_control_ws/src/se3_controller/install/se3_controller/lib/python3.10/site-packages'
[85.724s] Level 1:colcon.colcon_core.environment:checking '/home/aimane/drone_control_ws/src/se3_controller/install/se3_controller/bin'
[85.726s] INFO:colcon.colcon_core.shell:Creating package script '/home/aimane/drone_control_ws/src/se3_controller/install/se3_controller/share/se3_controller/package.ps1'
[85.729s] INFO:colcon.colcon_core.shell:Creating package descriptor '/home/aimane/drone_control_ws/src/se3_controller/install/se3_controller/share/se3_controller/package.dsv'
[85.732s] INFO:colcon.colcon_core.shell:Creating package script '/home/aimane/drone_control_ws/src/se3_controller/install/se3_controller/share/se3_controller/package.sh'
[85.734s] INFO:colcon.colcon_core.shell:Creating package script '/home/aimane/drone_control_ws/src/se3_controller/install/se3_controller/share/se3_controller/package.bash'
[85.737s] INFO:colcon.colcon_core.shell:Creating package script '/home/aimane/drone_control_ws/src/se3_controller/install/se3_controller/share/se3_controller/package.zsh'
[85.740s] Level 1:colcon.colcon_core.environment:create_file_with_runtime_dependencies(/home/aimane/drone_control_ws/src/se3_controller/install/se3_controller/share/colcon-core/packages/se3_controller)
[85.741s] DEBUG:colcon.colcon_parallel_executor.executor.parallel:closing loop
[85.744s] DEBUG:colcon.colcon_parallel_executor.executor.parallel:loop closed
[85.744s] DEBUG:colcon.colcon_parallel_executor.executor.parallel:run_until_complete finished with '0'
[85.745s] DEBUG:colcon.colcon_core.event_reactor:joining thread
[85.782s] INFO:colcon.colcon_core.plugin_system:Skipping extension 'colcon_notification.desktop_notification.notify_send': Could not find 'notify-send'
[85.783s] INFO:colcon.colcon_core.plugin_system:Skipping extension 'colcon_notification.desktop_notification.terminal_notifier': Not used on non-Darwin systems
[85.783s] INFO:colcon.colcon_core.plugin_system:Skipping extension 'colcon_notification.desktop_notification.win32': Not used on non-Windows systems
[85.784s] INFO:colcon.colcon_notification.desktop_notification:Sending desktop notification using 'notify2'
[85.794s] DEBUG:colcon.colcon_notification.desktop_notification.notify2:Failed to initialize notify2: org.freedesktop.DBus.Error.Spawn.ExecFailed: /usr/bin/dbus-launch terminated abnormally without any error message
[85.795s] DEBUG:colcon.colcon_core.event_reactor:joined thread
[85.799s] INFO:colcon.colcon_core.shell:Creating prefix script '/home/aimane/drone_control_ws/src/se3_controller/install/local_setup.ps1'
[85.806s] INFO:colcon.colcon_core.shell:Creating prefix util module '/home/aimane/drone_control_ws/src/se3_controller/install/_local_setup_util_ps1.py'
[85.815s] INFO:colcon.colcon_core.shell:Creating prefix chain script '/home/aimane/drone_control_ws/src/se3_controller/install/setup.ps1'
[85.830s] INFO:colcon.colcon_core.shell:Creating prefix script '/home/aimane/drone_control_ws/src/se3_controller/install/local_setup.sh'
[85.834s] INFO:colcon.colcon_core.shell:Creating prefix util module '/home/aimane/drone_control_ws/src/se3_controller/install/_local_setup_util_sh.py'
[85.837s] INFO:colcon.colcon_core.shell:Creating prefix chain script '/home/aimane/drone_control_ws/src/se3_controller/install/setup.sh'
[85.851s] INFO:colcon.colcon_core.shell:Creating prefix script '/home/aimane/drone_control_ws/src/se3_controller/install/local_setup.bash'
[85.854s] INFO:colcon.colcon_core.shell:Creating prefix chain script '/home/aimane/drone_control_ws/src/se3_controller/install/setup.bash'
[85.869s] INFO:colcon.colcon_core.shell:Creating prefix script '/home/aimane/drone_control_ws/src/se3_controller/install/local_setup.zsh'
[85.873s] INFO:colcon.colcon_core.shell:Creating prefix chain script '/home/aimane/drone_control_ws/src/se3_controller/install/setup.zsh'
