[0.237s] Invoking command in '/home/aimane/drone_control_ws/src/se3_controller/build/se3_controller': CMAKE_PREFIX_PATH=/home/aimane/drone_control_ws/src/se3_controller/install/se3_controller:/home/aimane/DevProject/DevArdu_ws/install/trajectory_generation:/home/aimane/DevProject/DevArdu_ws/install/sitl_comm_cpp:/home/aimane/drone_control_ws/install/geometric_controller_pkg:/home/aimane/DevProject/DevArdu_ws/install/sitl_test:/home/aimane/vnav23/labs/lab4/install/tesse_ros_bridge:/opt/ros/humble:/home/aimane/DevProject/DevArdu_ws/install/mav_visualization:/home/aimane/DevProject/DevArdu_ws/install/mav_trajectory_generation:/home/aimane/DevProject/DevArdu_ws/install/mav_comm:/home/aimane/DevProject/DevArdu_ws/install/mav_system_msgs:/home/aimane/DevProject/DevArdu_ws/install/mav_state_machine_msgs:/home/aimane/DevProject/DevArdu_ws/install/mav_planning_msgs:/home/aimane/DevProject/DevArdu_ws/install/mav_msgs:/home/aimane/DevProject/DevArdu_ws/install/ardupilot_bridge:/home/aimane/vnav23/labs/lab4/install/trajectory_generation:/home/aimane/vnav23/labs/lab4/install/tesse_msgs:/home/aimane/vnav23/labs/lab4/install/planner_pkg:/home/aimane/vnav23/labs/lab4/install/mav_visualization:/home/aimane/vnav23/labs/lab4/install/mav_trajectory_generation:/home/aimane/vnav23/labs/lab4/install/mav_comm:/home/aimane/vnav23/labs/lab4/install/mav_system_msgs:/home/aimane/vnav23/labs/lab4/install/mav_state_machine_msgs:/home/aimane/vnav23/labs/lab4/install/mav_planning_msgs:/home/aimane/vnav23/labs/lab4/install/controller_pkg:/home/aimane/vnav23/labs/lab4/install/mav_msgs /usr/bin/cmake --build /home/aimane/drone_control_ws/src/se3_controller/build/se3_controller -- -j8 -l8
[0.912s] [35m[1mConsolidate compiler generated dependencies of target controller_node[0m
[1.350s] [ 50%] [32mBuilding CXX object CMakeFiles/controller_node.dir/src/controller_node.cpp.o[0m
[21.718s] [01m[K/home/aimane/drone_control_ws/src/se3_controller/src/controller_node.cpp:[m[K In constructor ‘[01m[KControllerNode::ControllerNode()[m[K’:
[21.719s] [01m[K/home/aimane/drone_control_ws/src/se3_controller/src/controller_node.cpp:94:10:[m[K [01;35m[Kwarning: [m[K‘[01m[KControllerNode::yawd[m[K’ will be initialized after [[01;35m[K-Wreorder[m[K]
[21.719s]    94 |   double [01;35m[Kyawd[m[K; // desired yaw angle
[21.719s]       |          [01;35m[K^~~~[m[K
[21.720s] [01m[K/home/aimane/drone_control_ws/src/se3_controller/src/controller_node.cpp:79:19:[m[K [01;35m[Kwarning: [m[K  ‘[01m[KEigen::Vector3d ControllerNode::e3[m[K’ [[01;35m[K-Wreorder[m[K]
[21.720s]    79 |   Eigen::Vector3d [01;35m[Ke3[m[K;  // [0,0,1]
[21.721s]       |                   [01;35m[K^~[m[K
[21.721s] [01m[K/home/aimane/drone_control_ws/src/se3_controller/src/controller_node.cpp:109:3:[m[K [01;35m[Kwarning: [m[K  when initialized here [[01;35m[K-Wreorder[m[K]
[21.721s]   109 |   [01;35m[KControllerNode[m[K() : Node("controller_node"), xd(0,0 ,2.0), vd(0,0 ,0), ad(0,0 ,0), yawd(0.0), e3(0, 0, 1), hz(100) {
[21.722s]       |   [01;35m[K^~~~~~~~~~~~~~[m[K
[65.738s] [100%] [32m[1mLinking CXX executable controller_node[0m
[69.820s] [100%] Built target controller_node
[69.878s] Invoked command in '/home/aimane/drone_control_ws/src/se3_controller/build/se3_controller' returned '0': CMAKE_PREFIX_PATH=/home/aimane/drone_control_ws/src/se3_controller/install/se3_controller:/home/aimane/DevProject/DevArdu_ws/install/trajectory_generation:/home/aimane/DevProject/DevArdu_ws/install/sitl_comm_cpp:/home/aimane/drone_control_ws/install/geometric_controller_pkg:/home/aimane/DevProject/DevArdu_ws/install/sitl_test:/home/aimane/vnav23/labs/lab4/install/tesse_ros_bridge:/opt/ros/humble:/home/aimane/DevProject/DevArdu_ws/install/mav_visualization:/home/aimane/DevProject/DevArdu_ws/install/mav_trajectory_generation:/home/aimane/DevProject/DevArdu_ws/install/mav_comm:/home/aimane/DevProject/DevArdu_ws/install/mav_system_msgs:/home/aimane/DevProject/DevArdu_ws/install/mav_state_machine_msgs:/home/aimane/DevProject/DevArdu_ws/install/mav_planning_msgs:/home/aimane/DevProject/DevArdu_ws/install/mav_msgs:/home/aimane/DevProject/DevArdu_ws/install/ardupilot_bridge:/home/aimane/vnav23/labs/lab4/install/trajectory_generation:/home/aimane/vnav23/labs/lab4/install/tesse_msgs:/home/aimane/vnav23/labs/lab4/install/planner_pkg:/home/aimane/vnav23/labs/lab4/install/mav_visualization:/home/aimane/vnav23/labs/lab4/install/mav_trajectory_generation:/home/aimane/vnav23/labs/lab4/install/mav_comm:/home/aimane/vnav23/labs/lab4/install/mav_system_msgs:/home/aimane/vnav23/labs/lab4/install/mav_state_machine_msgs:/home/aimane/vnav23/labs/lab4/install/mav_planning_msgs:/home/aimane/vnav23/labs/lab4/install/controller_pkg:/home/aimane/vnav23/labs/lab4/install/mav_msgs /usr/bin/cmake --build /home/aimane/drone_control_ws/src/se3_controller/build/se3_controller -- -j8 -l8
[70.139s] Invoking command in '/home/aimane/drone_control_ws/src/se3_controller/build/se3_controller': CMAKE_PREFIX_PATH=/home/aimane/drone_control_ws/src/se3_controller/install/se3_controller:/home/aimane/DevProject/DevArdu_ws/install/trajectory_generation:/home/aimane/DevProject/DevArdu_ws/install/sitl_comm_cpp:/home/aimane/drone_control_ws/install/geometric_controller_pkg:/home/aimane/DevProject/DevArdu_ws/install/sitl_test:/home/aimane/vnav23/labs/lab4/install/tesse_ros_bridge:/opt/ros/humble:/home/aimane/DevProject/DevArdu_ws/install/mav_visualization:/home/aimane/DevProject/DevArdu_ws/install/mav_trajectory_generation:/home/aimane/DevProject/DevArdu_ws/install/mav_comm:/home/aimane/DevProject/DevArdu_ws/install/mav_system_msgs:/home/aimane/DevProject/DevArdu_ws/install/mav_state_machine_msgs:/home/aimane/DevProject/DevArdu_ws/install/mav_planning_msgs:/home/aimane/DevProject/DevArdu_ws/install/mav_msgs:/home/aimane/DevProject/DevArdu_ws/install/ardupilot_bridge:/home/aimane/vnav23/labs/lab4/install/trajectory_generation:/home/aimane/vnav23/labs/lab4/install/tesse_msgs:/home/aimane/vnav23/labs/lab4/install/planner_pkg:/home/aimane/vnav23/labs/lab4/install/mav_visualization:/home/aimane/vnav23/labs/lab4/install/mav_trajectory_generation:/home/aimane/vnav23/labs/lab4/install/mav_comm:/home/aimane/vnav23/labs/lab4/install/mav_system_msgs:/home/aimane/vnav23/labs/lab4/install/mav_state_machine_msgs:/home/aimane/vnav23/labs/lab4/install/mav_planning_msgs:/home/aimane/vnav23/labs/lab4/install/controller_pkg:/home/aimane/vnav23/labs/lab4/install/mav_msgs /usr/bin/cmake --install /home/aimane/drone_control_ws/src/se3_controller/build/se3_controller
[70.426s] -- Install configuration: ""
[70.436s] -- Up-to-date: /home/aimane/drone_control_ws/src/se3_controller/install/se3_controller/share/se3_controller/config
[70.437s] -- Installing: /home/aimane/drone_control_ws/src/se3_controller/install/se3_controller/share/se3_controller/config/params.yaml
[70.437s] -- Up-to-date: /home/aimane/drone_control_ws/src/se3_controller/install/se3_controller/share/se3_controller/launch
[70.438s] -- Up-to-date: /home/aimane/drone_control_ws/src/se3_controller/install/se3_controller/share/se3_controller/launch/se3_controller_launch.py
[70.475s] -- Installing: /home/aimane/drone_control_ws/src/se3_controller/install/se3_controller/lib/se3_controller/controller_node
[70.497s] -- Set runtime path of "/home/aimane/drone_control_ws/src/se3_controller/install/se3_controller/lib/se3_controller/controller_node" to ""
[70.498s] -- Up-to-date: /home/aimane/drone_control_ws/src/se3_controller/install/se3_controller/share/se3_controller/launch
[70.499s] -- Up-to-date: /home/aimane/drone_control_ws/src/se3_controller/install/se3_controller/share/se3_controller/launch/se3_controller_launch.py
[70.500s] -- Up-to-date: /home/aimane/drone_control_ws/src/se3_controller/install/se3_controller/share/se3_controller/config
[70.500s] -- Up-to-date: /home/aimane/drone_control_ws/src/se3_controller/install/se3_controller/share/se3_controller/config/params.yaml
[70.501s] -- Up-to-date: /home/aimane/drone_control_ws/src/se3_controller/install/se3_controller/share/ament_index/resource_index/package_run_dependencies/se3_controller
[70.501s] -- Up-to-date: /home/aimane/drone_control_ws/src/se3_controller/install/se3_controller/share/ament_index/resource_index/parent_prefix_path/se3_controller
[70.502s] -- Up-to-date: /home/aimane/drone_control_ws/src/se3_controller/install/se3_controller/share/se3_controller/environment/ament_prefix_path.sh
[70.503s] -- Up-to-date: /home/aimane/drone_control_ws/src/se3_controller/install/se3_controller/share/se3_controller/environment/ament_prefix_path.dsv
[70.504s] -- Up-to-date: /home/aimane/drone_control_ws/src/se3_controller/install/se3_controller/share/se3_controller/environment/path.sh
[70.504s] -- Up-to-date: /home/aimane/drone_control_ws/src/se3_controller/install/se3_controller/share/se3_controller/environment/path.dsv
[70.505s] -- Up-to-date: /home/aimane/drone_control_ws/src/se3_controller/install/se3_controller/share/se3_controller/local_setup.bash
[70.505s] -- Up-to-date: /home/aimane/drone_control_ws/src/se3_controller/install/se3_controller/share/se3_controller/local_setup.sh
[70.505s] -- Up-to-date: /home/aimane/drone_control_ws/src/se3_controller/install/se3_controller/share/se3_controller/local_setup.zsh
[70.506s] -- Up-to-date: /home/aimane/drone_control_ws/src/se3_controller/install/se3_controller/share/se3_controller/local_setup.dsv
[70.506s] -- Installing: /home/aimane/drone_control_ws/src/se3_controller/install/se3_controller/share/se3_controller/package.dsv
[70.546s] -- Up-to-date: /home/aimane/drone_control_ws/src/se3_controller/install/se3_controller/share/ament_index/resource_index/packages/se3_controller
[70.546s] -- Up-to-date: /home/aimane/drone_control_ws/src/se3_controller/install/se3_controller/share/se3_controller/cmake/se3_controllerConfig.cmake
[70.547s] -- Up-to-date: /home/aimane/drone_control_ws/src/se3_controller/install/se3_controller/share/se3_controller/cmake/se3_controllerConfig-version.cmake
[70.548s] -- Up-to-date: /home/aimane/drone_control_ws/src/se3_controller/install/se3_controller/share/se3_controller/package.xml
[70.555s] Invoked command in '/home/aimane/drone_control_ws/src/se3_controller/build/se3_controller' returned '0': CMAKE_PREFIX_PATH=/home/aimane/drone_control_ws/src/se3_controller/install/se3_controller:/home/aimane/DevProject/DevArdu_ws/install/trajectory_generation:/home/aimane/DevProject/DevArdu_ws/install/sitl_comm_cpp:/home/aimane/drone_control_ws/install/geometric_controller_pkg:/home/aimane/DevProject/DevArdu_ws/install/sitl_test:/home/aimane/vnav23/labs/lab4/install/tesse_ros_bridge:/opt/ros/humble:/home/aimane/DevProject/DevArdu_ws/install/mav_visualization:/home/aimane/DevProject/DevArdu_ws/install/mav_trajectory_generation:/home/aimane/DevProject/DevArdu_ws/install/mav_comm:/home/aimane/DevProject/DevArdu_ws/install/mav_system_msgs:/home/aimane/DevProject/DevArdu_ws/install/mav_state_machine_msgs:/home/aimane/DevProject/DevArdu_ws/install/mav_planning_msgs:/home/aimane/DevProject/DevArdu_ws/install/mav_msgs:/home/aimane/DevProject/DevArdu_ws/install/ardupilot_bridge:/home/aimane/vnav23/labs/lab4/install/trajectory_generation:/home/aimane/vnav23/labs/lab4/install/tesse_msgs:/home/aimane/vnav23/labs/lab4/install/planner_pkg:/home/aimane/vnav23/labs/lab4/install/mav_visualization:/home/aimane/vnav23/labs/lab4/install/mav_trajectory_generation:/home/aimane/vnav23/labs/lab4/install/mav_comm:/home/aimane/vnav23/labs/lab4/install/mav_system_msgs:/home/aimane/vnav23/labs/lab4/install/mav_state_machine_msgs:/home/aimane/vnav23/labs/lab4/install/mav_planning_msgs:/home/aimane/vnav23/labs/lab4/install/controller_pkg:/home/aimane/vnav23/labs/lab4/install/mav_msgs /usr/bin/cmake --install /home/aimane/drone_control_ws/src/se3_controller/build/se3_controller
