[1.082s] DEBUG:colcon:Command line arguments: ['/usr/bin/colcon', 'build', '--packages-select', 'se3_controller']
[1.083s] DEBUG:colcon:Parsed command line arguments: Namespace(log_base=None, log_level=None, verb_name='build', build_base='build', install_base='install', merge_install=False, symlink_install=False, test_result_base=None, continue_on_error=False, executor='parallel', parallel_workers=8, event_handlers=None, ignore_user_meta=False, metas=['./colcon.meta'], base_paths=['.'], packages_ignore=None, packages_ignore_regex=None, paths=None, packages_up_to=None, packages_up_to_regex=None, packages_above=None, packages_above_and_dependencies=None, packages_above_depth=None, packages_select_by_dep=None, packages_skip_by_dep=None, packages_skip_up_to=None, packages_select_build_failed=False, packages_skip_build_finished=False, packages_select_test_failures=False, packages_skip_test_passed=False, packages_select=['se3_controller'], packages_skip=None, packages_select_regex=None, packages_skip_regex=None, packages_start=None, packages_end=None, cmake_args=None, cmake_target=None, cmake_target_skip_unavailable=False, cmake_clean_cache=False, cmake_clean_first=False, cmake_force_configure=False, ament_cmake_args=None, catkin_cmake_args=None, catkin_skip_building_tests=False, mixin_files=None, mixin=None, verb_parser=<colcon_mixin.mixin.mixin_argument.MixinArgumentDecorator object at 0x72a8cd820400>, verb_extension=<colcon_core.verb.build.BuildVerb object at 0x72a8cd9b1a20>, main=<bound method BuildVerb.main of <colcon_core.verb.build.BuildVerb object at 0x72a8cd9b1a20>>, mixin_verb=('build',))
[2.802s] Level 1:colcon.colcon_core.package_discovery:discover_packages(colcon_meta) check parameters
[2.803s] Level 1:colcon.colcon_core.package_discovery:discover_packages(recursive) check parameters
[2.803s] Level 1:colcon.colcon_core.package_discovery:discover_packages(ignore) check parameters
[2.804s] Level 1:colcon.colcon_core.package_discovery:discover_packages(path) check parameters
[2.804s] Level 1:colcon.colcon_core.package_discovery:discover_packages(colcon_meta) discover
[2.804s] Level 1:colcon.colcon_core.package_discovery:discover_packages(recursive) discover
[2.805s] INFO:colcon.colcon_core.package_discovery:Crawling recursively for packages in '/home/aimane/drone_control_ws/src/se3_controller'
[2.806s] Level 1:colcon.colcon_core.package_identification:_identify(.) by extensions ['ignore', 'ignore_ament_install']
[2.806s] Level 1:colcon.colcon_core.package_identification:_identify(.) by extension 'ignore'
[2.807s] Level 1:colcon.colcon_core.package_identification:_identify(.) by extension 'ignore_ament_install'
[2.807s] Level 1:colcon.colcon_core.package_identification:_identify(.) by extensions ['colcon_pkg']
[2.808s] Level 1:colcon.colcon_core.package_identification:_identify(.) by extension 'colcon_pkg'
[2.808s] Level 1:colcon.colcon_core.package_identification:_identify(.) by extensions ['colcon_meta']
[2.808s] Level 1:colcon.colcon_core.package_identification:_identify(.) by extension 'colcon_meta'
[2.808s] Level 1:colcon.colcon_core.package_identification:_identify(.) by extensions ['ros']
[2.808s] Level 1:colcon.colcon_core.package_identification:_identify(.) by extension 'ros'
[2.932s] DEBUG:colcon.colcon_core.package_identification:Package '.' with type 'ros.ament_cmake' and name 'se3_controller'
[2.933s] Level 1:colcon.colcon_core.package_discovery:discover_packages(recursive) using defaults
[2.933s] Level 1:colcon.colcon_core.package_discovery:discover_packages(ignore) discover
[2.933s] Level 1:colcon.colcon_core.package_discovery:discover_packages(ignore) using defaults
[2.934s] Level 1:colcon.colcon_core.package_discovery:discover_packages(path) discover
[2.934s] Level 1:colcon.colcon_core.package_discovery:discover_packages(path) using defaults
[3.147s] Level 5:colcon.colcon_core.verb:set package 'se3_controller' build argument 'cmake_args' from command line to 'None'
[3.148s] Level 5:colcon.colcon_core.verb:set package 'se3_controller' build argument 'cmake_target' from command line to 'None'
[3.148s] Level 5:colcon.colcon_core.verb:set package 'se3_controller' build argument 'cmake_target_skip_unavailable' from command line to 'False'
[3.148s] Level 5:colcon.colcon_core.verb:set package 'se3_controller' build argument 'cmake_clean_cache' from command line to 'False'
[3.148s] Level 5:colcon.colcon_core.verb:set package 'se3_controller' build argument 'cmake_clean_first' from command line to 'False'
[3.148s] Level 5:colcon.colcon_core.verb:set package 'se3_controller' build argument 'cmake_force_configure' from command line to 'False'
[3.149s] Level 5:colcon.colcon_core.verb:set package 'se3_controller' build argument 'ament_cmake_args' from command line to 'None'
[3.149s] Level 5:colcon.colcon_core.verb:set package 'se3_controller' build argument 'catkin_cmake_args' from command line to 'None'
[3.149s] Level 5:colcon.colcon_core.verb:set package 'se3_controller' build argument 'catkin_skip_building_tests' from command line to 'False'
[3.149s] DEBUG:colcon.colcon_core.verb:Building package 'se3_controller' with the following arguments: {'ament_cmake_args': None, 'build_base': '/home/aimane/drone_control_ws/src/se3_controller/build/se3_controller', 'catkin_cmake_args': None, 'catkin_skip_building_tests': False, 'cmake_args': None, 'cmake_clean_cache': False, 'cmake_clean_first': False, 'cmake_force_configure': False, 'cmake_target': None, 'cmake_target_skip_unavailable': False, 'install_base': '/home/aimane/drone_control_ws/src/se3_controller/install/se3_controller', 'merge_install': False, 'path': '/home/aimane/drone_control_ws/src/se3_controller', 'symlink_install': False, 'test_result_base': None}
[3.150s] INFO:colcon.colcon_core.executor:Executing jobs using 'parallel' executor
[3.155s] DEBUG:colcon.colcon_parallel_executor.executor.parallel:run_until_complete
[3.157s] INFO:colcon.colcon_ros.task.ament_cmake.build:Building ROS package in '/home/aimane/drone_control_ws/src/se3_controller' with build type 'ament_cmake'
[3.158s] INFO:colcon.colcon_cmake.task.cmake.build:Building CMake package in '/home/aimane/drone_control_ws/src/se3_controller'
[3.178s] INFO:colcon.colcon_core.plugin_system:Skipping extension 'colcon_core.shell.bat': Not used on non-Windows systems
[3.179s] INFO:colcon.colcon_core.shell:Skip shell extension 'powershell' for command environment: Not usable outside of PowerShell
[3.179s] DEBUG:colcon.colcon_core.shell:Skip shell extension 'dsv' for command environment
[3.397s] DEBUG:colcon.colcon_core.event_handler.log_command:Invoking command in '/home/aimane/drone_control_ws/src/se3_controller/build/se3_controller': CMAKE_PREFIX_PATH=/home/aimane/drone_control_ws/src/se3_controller/install/se3_controller:/home/aimane/DevProject/DevArdu_ws/install/trajectory_generation:/home/aimane/DevProject/DevArdu_ws/install/sitl_comm_cpp:/home/aimane/drone_control_ws/install/geometric_controller_pkg:/home/aimane/DevProject/DevArdu_ws/install/sitl_test:/home/aimane/vnav23/labs/lab4/install/tesse_ros_bridge:/opt/ros/humble:/home/aimane/DevProject/DevArdu_ws/install/mav_visualization:/home/aimane/DevProject/DevArdu_ws/install/mav_trajectory_generation:/home/aimane/DevProject/DevArdu_ws/install/mav_comm:/home/aimane/DevProject/DevArdu_ws/install/mav_system_msgs:/home/aimane/DevProject/DevArdu_ws/install/mav_state_machine_msgs:/home/aimane/DevProject/DevArdu_ws/install/mav_planning_msgs:/home/aimane/DevProject/DevArdu_ws/install/mav_msgs:/home/aimane/DevProject/DevArdu_ws/install/ardupilot_bridge:/home/aimane/vnav23/labs/lab4/install/trajectory_generation:/home/aimane/vnav23/labs/lab4/install/tesse_msgs:/home/aimane/vnav23/labs/lab4/install/planner_pkg:/home/aimane/vnav23/labs/lab4/install/mav_visualization:/home/aimane/vnav23/labs/lab4/install/mav_trajectory_generation:/home/aimane/vnav23/labs/lab4/install/mav_comm:/home/aimane/vnav23/labs/lab4/install/mav_system_msgs:/home/aimane/vnav23/labs/lab4/install/mav_state_machine_msgs:/home/aimane/vnav23/labs/lab4/install/mav_planning_msgs:/home/aimane/vnav23/labs/lab4/install/controller_pkg:/home/aimane/vnav23/labs/lab4/install/mav_msgs /usr/bin/cmake --build /home/aimane/drone_control_ws/src/se3_controller/build/se3_controller -- -j8 -l8
[73.038s] DEBUG:colcon.colcon_core.event_handler.log_command:Invoked command in '/home/aimane/drone_control_ws/src/se3_controller/build/se3_controller' returned '0': CMAKE_PREFIX_PATH=/home/aimane/drone_control_ws/src/se3_controller/install/se3_controller:/home/aimane/DevProject/DevArdu_ws/install/trajectory_generation:/home/aimane/DevProject/DevArdu_ws/install/sitl_comm_cpp:/home/aimane/drone_control_ws/install/geometric_controller_pkg:/home/aimane/DevProject/DevArdu_ws/install/sitl_test:/home/aimane/vnav23/labs/lab4/install/tesse_ros_bridge:/opt/ros/humble:/home/aimane/DevProject/DevArdu_ws/install/mav_visualization:/home/aimane/DevProject/DevArdu_ws/install/mav_trajectory_generation:/home/aimane/DevProject/DevArdu_ws/install/mav_comm:/home/aimane/DevProject/DevArdu_ws/install/mav_system_msgs:/home/aimane/DevProject/DevArdu_ws/install/mav_state_machine_msgs:/home/aimane/DevProject/DevArdu_ws/install/mav_planning_msgs:/home/aimane/DevProject/DevArdu_ws/install/mav_msgs:/home/aimane/DevProject/DevArdu_ws/install/ardupilot_bridge:/home/aimane/vnav23/labs/lab4/install/trajectory_generation:/home/aimane/vnav23/labs/lab4/install/tesse_msgs:/home/aimane/vnav23/labs/lab4/install/planner_pkg:/home/aimane/vnav23/labs/lab4/install/mav_visualization:/home/aimane/vnav23/labs/lab4/install/mav_trajectory_generation:/home/aimane/vnav23/labs/lab4/install/mav_comm:/home/aimane/vnav23/labs/lab4/install/mav_system_msgs:/home/aimane/vnav23/labs/lab4/install/mav_state_machine_msgs:/home/aimane/vnav23/labs/lab4/install/mav_planning_msgs:/home/aimane/vnav23/labs/lab4/install/controller_pkg:/home/aimane/vnav23/labs/lab4/install/mav_msgs /usr/bin/cmake --build /home/aimane/drone_control_ws/src/se3_controller/build/se3_controller -- -j8 -l8
[73.299s] DEBUG:colcon.colcon_core.event_handler.log_command:Invoking command in '/home/aimane/drone_control_ws/src/se3_controller/build/se3_controller': CMAKE_PREFIX_PATH=/home/aimane/drone_control_ws/src/se3_controller/install/se3_controller:/home/aimane/DevProject/DevArdu_ws/install/trajectory_generation:/home/aimane/DevProject/DevArdu_ws/install/sitl_comm_cpp:/home/aimane/drone_control_ws/install/geometric_controller_pkg:/home/aimane/DevProject/DevArdu_ws/install/sitl_test:/home/aimane/vnav23/labs/lab4/install/tesse_ros_bridge:/opt/ros/humble:/home/aimane/DevProject/DevArdu_ws/install/mav_visualization:/home/aimane/DevProject/DevArdu_ws/install/mav_trajectory_generation:/home/aimane/DevProject/DevArdu_ws/install/mav_comm:/home/aimane/DevProject/DevArdu_ws/install/mav_system_msgs:/home/aimane/DevProject/DevArdu_ws/install/mav_state_machine_msgs:/home/aimane/DevProject/DevArdu_ws/install/mav_planning_msgs:/home/aimane/DevProject/DevArdu_ws/install/mav_msgs:/home/aimane/DevProject/DevArdu_ws/install/ardupilot_bridge:/home/aimane/vnav23/labs/lab4/install/trajectory_generation:/home/aimane/vnav23/labs/lab4/install/tesse_msgs:/home/aimane/vnav23/labs/lab4/install/planner_pkg:/home/aimane/vnav23/labs/lab4/install/mav_visualization:/home/aimane/vnav23/labs/lab4/install/mav_trajectory_generation:/home/aimane/vnav23/labs/lab4/install/mav_comm:/home/aimane/vnav23/labs/lab4/install/mav_system_msgs:/home/aimane/vnav23/labs/lab4/install/mav_state_machine_msgs:/home/aimane/vnav23/labs/lab4/install/mav_planning_msgs:/home/aimane/vnav23/labs/lab4/install/controller_pkg:/home/aimane/vnav23/labs/lab4/install/mav_msgs /usr/bin/cmake --install /home/aimane/drone_control_ws/src/se3_controller/build/se3_controller
[73.712s] Level 1:colcon.colcon_core.environment:create_environment_scripts_only(se3_controller)
[73.715s] DEBUG:colcon.colcon_core.event_handler.log_command:Invoked command in '/home/aimane/drone_control_ws/src/se3_controller/build/se3_controller' returned '0': CMAKE_PREFIX_PATH=/home/aimane/drone_control_ws/src/se3_controller/install/se3_controller:/home/aimane/DevProject/DevArdu_ws/install/trajectory_generation:/home/aimane/DevProject/DevArdu_ws/install/sitl_comm_cpp:/home/aimane/drone_control_ws/install/geometric_controller_pkg:/home/aimane/DevProject/DevArdu_ws/install/sitl_test:/home/aimane/vnav23/labs/lab4/install/tesse_ros_bridge:/opt/ros/humble:/home/aimane/DevProject/DevArdu_ws/install/mav_visualization:/home/aimane/DevProject/DevArdu_ws/install/mav_trajectory_generation:/home/aimane/DevProject/DevArdu_ws/install/mav_comm:/home/aimane/DevProject/DevArdu_ws/install/mav_system_msgs:/home/aimane/DevProject/DevArdu_ws/install/mav_state_machine_msgs:/home/aimane/DevProject/DevArdu_ws/install/mav_planning_msgs:/home/aimane/DevProject/DevArdu_ws/install/mav_msgs:/home/aimane/DevProject/DevArdu_ws/install/ardupilot_bridge:/home/aimane/vnav23/labs/lab4/install/trajectory_generation:/home/aimane/vnav23/labs/lab4/install/tesse_msgs:/home/aimane/vnav23/labs/lab4/install/planner_pkg:/home/aimane/vnav23/labs/lab4/install/mav_visualization:/home/aimane/vnav23/labs/lab4/install/mav_trajectory_generation:/home/aimane/vnav23/labs/lab4/install/mav_comm:/home/aimane/vnav23/labs/lab4/install/mav_system_msgs:/home/aimane/vnav23/labs/lab4/install/mav_state_machine_msgs:/home/aimane/vnav23/labs/lab4/install/mav_planning_msgs:/home/aimane/vnav23/labs/lab4/install/controller_pkg:/home/aimane/vnav23/labs/lab4/install/mav_msgs /usr/bin/cmake --install /home/aimane/drone_control_ws/src/se3_controller/build/se3_controller
[73.824s] Level 1:colcon.colcon_core.environment:checking '/home/aimane/drone_control_ws/src/se3_controller/install/se3_controller' for CMake module files
[73.828s] Level 1:colcon.colcon_core.environment:checking '/home/aimane/drone_control_ws/src/se3_controller/install/se3_controller' for CMake config files
[73.831s] Level 1:colcon.colcon_core.shell:create_environment_hook('se3_controller', 'cmake_prefix_path')
[73.834s] INFO:colcon.colcon_core.shell:Creating environment hook '/home/aimane/drone_control_ws/src/se3_controller/install/se3_controller/share/se3_controller/hook/cmake_prefix_path.ps1'
[73.838s] INFO:colcon.colcon_core.shell:Creating environment descriptor '/home/aimane/drone_control_ws/src/se3_controller/install/se3_controller/share/se3_controller/hook/cmake_prefix_path.dsv'
[73.842s] INFO:colcon.colcon_core.shell:Creating environment hook '/home/aimane/drone_control_ws/src/se3_controller/install/se3_controller/share/se3_controller/hook/cmake_prefix_path.sh'
[73.849s] Level 1:colcon.colcon_core.environment:checking '/home/aimane/drone_control_ws/src/se3_controller/install/se3_controller/lib'
[73.850s] Level 1:colcon.colcon_core.environment:checking '/home/aimane/drone_control_ws/src/se3_controller/install/se3_controller/bin'
[73.851s] Level 1:colcon.colcon_core.environment:checking '/home/aimane/drone_control_ws/src/se3_controller/install/se3_controller/lib/pkgconfig/se3_controller.pc'
[73.860s] Level 1:colcon.colcon_core.environment:checking '/home/aimane/drone_control_ws/src/se3_controller/install/se3_controller/lib/python3.10/site-packages'
[73.863s] Level 1:colcon.colcon_core.environment:checking '/home/aimane/drone_control_ws/src/se3_controller/install/se3_controller/bin'
[73.866s] INFO:colcon.colcon_core.shell:Creating package script '/home/aimane/drone_control_ws/src/se3_controller/install/se3_controller/share/se3_controller/package.ps1'
[73.872s] INFO:colcon.colcon_core.shell:Creating package descriptor '/home/aimane/drone_control_ws/src/se3_controller/install/se3_controller/share/se3_controller/package.dsv'
[73.884s] INFO:colcon.colcon_core.shell:Creating package script '/home/aimane/drone_control_ws/src/se3_controller/install/se3_controller/share/se3_controller/package.sh'
[73.889s] INFO:colcon.colcon_core.shell:Creating package script '/home/aimane/drone_control_ws/src/se3_controller/install/se3_controller/share/se3_controller/package.bash'
[73.897s] INFO:colcon.colcon_core.shell:Creating package script '/home/aimane/drone_control_ws/src/se3_controller/install/se3_controller/share/se3_controller/package.zsh'
[73.903s] Level 1:colcon.colcon_core.environment:create_file_with_runtime_dependencies(/home/aimane/drone_control_ws/src/se3_controller/install/se3_controller/share/colcon-core/packages/se3_controller)
[73.907s] Level 1:colcon.colcon_core.environment:create_environment_scripts_only(se3_controller)
[73.908s] Level 1:colcon.colcon_core.environment:checking '/home/aimane/drone_control_ws/src/se3_controller/install/se3_controller' for CMake module files
[73.912s] Level 1:colcon.colcon_core.environment:checking '/home/aimane/drone_control_ws/src/se3_controller/install/se3_controller' for CMake config files
[73.914s] Level 1:colcon.colcon_core.shell:create_environment_hook('se3_controller', 'cmake_prefix_path')
[73.916s] INFO:colcon.colcon_core.shell:Creating environment hook '/home/aimane/drone_control_ws/src/se3_controller/install/se3_controller/share/se3_controller/hook/cmake_prefix_path.ps1'
[73.918s] INFO:colcon.colcon_core.shell:Creating environment descriptor '/home/aimane/drone_control_ws/src/se3_controller/install/se3_controller/share/se3_controller/hook/cmake_prefix_path.dsv'
[73.920s] INFO:colcon.colcon_core.shell:Creating environment hook '/home/aimane/drone_control_ws/src/se3_controller/install/se3_controller/share/se3_controller/hook/cmake_prefix_path.sh'
[73.924s] Level 1:colcon.colcon_core.environment:checking '/home/aimane/drone_control_ws/src/se3_controller/install/se3_controller/lib'
[73.924s] Level 1:colcon.colcon_core.environment:checking '/home/aimane/drone_control_ws/src/se3_controller/install/se3_controller/bin'
[73.925s] Level 1:colcon.colcon_core.environment:checking '/home/aimane/drone_control_ws/src/se3_controller/install/se3_controller/lib/pkgconfig/se3_controller.pc'
[73.926s] Level 1:colcon.colcon_core.environment:checking '/home/aimane/drone_control_ws/src/se3_controller/install/se3_controller/lib/python3.10/site-packages'
[73.928s] Level 1:colcon.colcon_core.environment:checking '/home/aimane/drone_control_ws/src/se3_controller/install/se3_controller/bin'
[73.930s] INFO:colcon.colcon_core.shell:Creating package script '/home/aimane/drone_control_ws/src/se3_controller/install/se3_controller/share/se3_controller/package.ps1'
[73.934s] INFO:colcon.colcon_core.shell:Creating package descriptor '/home/aimane/drone_control_ws/src/se3_controller/install/se3_controller/share/se3_controller/package.dsv'
[73.937s] INFO:colcon.colcon_core.shell:Creating package script '/home/aimane/drone_control_ws/src/se3_controller/install/se3_controller/share/se3_controller/package.sh'
[73.941s] INFO:colcon.colcon_core.shell:Creating package script '/home/aimane/drone_control_ws/src/se3_controller/install/se3_controller/share/se3_controller/package.bash'
[73.943s] INFO:colcon.colcon_core.shell:Creating package script '/home/aimane/drone_control_ws/src/se3_controller/install/se3_controller/share/se3_controller/package.zsh'
[73.946s] Level 1:colcon.colcon_core.environment:create_file_with_runtime_dependencies(/home/aimane/drone_control_ws/src/se3_controller/install/se3_controller/share/colcon-core/packages/se3_controller)
[73.948s] DEBUG:colcon.colcon_parallel_executor.executor.parallel:closing loop
[73.949s] DEBUG:colcon.colcon_parallel_executor.executor.parallel:loop closed
[73.950s] DEBUG:colcon.colcon_parallel_executor.executor.parallel:run_until_complete finished with '0'
[73.950s] DEBUG:colcon.colcon_core.event_reactor:joining thread
[73.992s] INFO:colcon.colcon_core.plugin_system:Skipping extension 'colcon_notification.desktop_notification.notify_send': Could not find 'notify-send'
[73.993s] INFO:colcon.colcon_core.plugin_system:Skipping extension 'colcon_notification.desktop_notification.terminal_notifier': Not used on non-Darwin systems
[73.993s] INFO:colcon.colcon_core.plugin_system:Skipping extension 'colcon_notification.desktop_notification.win32': Not used on non-Windows systems
[73.993s] INFO:colcon.colcon_notification.desktop_notification:Sending desktop notification using 'notify2'
[74.002s] DEBUG:colcon.colcon_notification.desktop_notification.notify2:Failed to initialize notify2: org.freedesktop.DBus.Error.Spawn.ExecFailed: /usr/bin/dbus-launch terminated abnormally without any error message
[74.004s] DEBUG:colcon.colcon_core.event_reactor:joined thread
[74.007s] INFO:colcon.colcon_core.shell:Creating prefix script '/home/aimane/drone_control_ws/src/se3_controller/install/local_setup.ps1'
[74.015s] INFO:colcon.colcon_core.shell:Creating prefix util module '/home/aimane/drone_control_ws/src/se3_controller/install/_local_setup_util_ps1.py'
[74.029s] INFO:colcon.colcon_core.shell:Creating prefix chain script '/home/aimane/drone_control_ws/src/se3_controller/install/setup.ps1'
[74.044s] INFO:colcon.colcon_core.shell:Creating prefix script '/home/aimane/drone_control_ws/src/se3_controller/install/local_setup.sh'
[74.055s] INFO:colcon.colcon_core.shell:Creating prefix util module '/home/aimane/drone_control_ws/src/se3_controller/install/_local_setup_util_sh.py'
[74.059s] INFO:colcon.colcon_core.shell:Creating prefix chain script '/home/aimane/drone_control_ws/src/se3_controller/install/setup.sh'
[74.073s] INFO:colcon.colcon_core.shell:Creating prefix script '/home/aimane/drone_control_ws/src/se3_controller/install/local_setup.bash'
[74.077s] INFO:colcon.colcon_core.shell:Creating prefix chain script '/home/aimane/drone_control_ws/src/se3_controller/install/setup.bash'
[74.091s] INFO:colcon.colcon_core.shell:Creating prefix script '/home/aimane/drone_control_ws/src/se3_controller/install/local_setup.zsh'
[74.096s] INFO:colcon.colcon_core.shell:Creating prefix chain script '/home/aimane/drone_control_ws/src/se3_controller/install/setup.zsh'
