[0.161s] Invoking command in '/home/aimane/drone_control_ws/src/se3_controller/build/se3_controller': CMAKE_PREFIX_PATH=/home/aimane/DevProject/DevArdu_ws/install/trajectory_generation:/home/aimane/DevProject/DevArdu_ws/install/sitl_comm_cpp:/home/aimane/DevProject/DevArdu_ws/install/sitl_test:/home/aimane/vnav23/labs/lab4/install/tesse_ros_bridge:/opt/ros/humble:/home/aimane/DevProject/DevArdu_ws/install/mav_visualization:/home/aimane/DevProject/DevArdu_ws/install/mav_trajectory_generation:/home/aimane/DevProject/DevArdu_ws/install/mav_comm:/home/aimane/DevProject/DevArdu_ws/install/mav_system_msgs:/home/aimane/DevProject/DevArdu_ws/install/mav_state_machine_msgs:/home/aimane/DevProject/DevArdu_ws/install/mav_planning_msgs:/home/aimane/DevProject/DevArdu_ws/install/mav_msgs:/home/aimane/DevProject/DevArdu_ws/install/ardupilot_bridge:/home/aimane/vnav23/labs/lab4/install/trajectory_generation:/home/aimane/vnav23/labs/lab4/install/tesse_msgs:/home/aimane/vnav23/labs/lab4/install/planner_pkg:/home/aimane/vnav23/labs/lab4/install/mav_visualization:/home/aimane/vnav23/labs/lab4/install/mav_trajectory_generation:/home/aimane/vnav23/labs/lab4/install/mav_comm:/home/aimane/vnav23/labs/lab4/install/mav_system_msgs:/home/aimane/vnav23/labs/lab4/install/mav_state_machine_msgs:/home/aimane/vnav23/labs/lab4/install/mav_planning_msgs:/home/aimane/vnav23/labs/lab4/install/controller_pkg:/home/aimane/vnav23/labs/lab4/install/mav_msgs /usr/bin/cmake --build /home/aimane/drone_control_ws/src/se3_controller/build/se3_controller -- -j8 -l8
[0.677s] [35m[1mConsolidate compiler generated dependencies of target controller_node[0m
[1.143s] [ 50%] [32mBuilding CXX object CMakeFiles/controller_node.dir/src/controller_node.cpp.o[0m
[9.636s] [01m[K/home/aimane/drone_control_ws/src/se3_controller/src/controller_node.cpp:[m[K In constructor ‘[01m[KControllerNode::ControllerNode()[m[K’:
[9.636s] [01m[K/home/aimane/drone_control_ws/src/se3_controller/src/controller_node.cpp:30:10:[m[K [01;35m[Kwarning: [m[K‘[01m[KControllerNode::yawd[m[K’ will be initialized after [[01;35m[K-Wreorder[m[K]
[9.636s]    30 |   double [01;35m[Kyawd[m[K;
[9.636s]       |          [01;35m[K^~~~[m[K
[9.636s] [01m[K/home/aimane/drone_control_ws/src/se3_controller/src/controller_node.cpp:24:19:[m[K [01;35m[Kwarning: [m[K  ‘[01m[KEigen::Vector3d ControllerNode::e3[m[K’ [[01;35m[K-Wreorder[m[K]
[9.636s]    24 |   Eigen::Vector3d [01;35m[Ke3[m[K;
[9.636s]       |                   [01;35m[K^~[m[K
[9.636s] [01m[K/home/aimane/drone_control_ws/src/se3_controller/src/controller_node.cpp:41:3:[m[K [01;35m[Kwarning: [m[K  when initialized here [[01;35m[K-Wreorder[m[K]
[9.636s]    41 |   [01;35m[KControllerNode[m[K()
[9.637s]       |   [01;35m[K^~~~~~~~~~~~~~[m[K
[9.856s] [01m[K/home/aimane/drone_control_ws/src/se3_controller/src/controller_node.cpp:[m[K In member function ‘[01m[Kvoid ControllerNode::controlLoop()[m[K’:
[9.857s] [01m[K/home/aimane/drone_control_ws/src/se3_controller/src/controller_node.cpp:129:21:[m[K [01;35m[Kwarning: [m[Kvariable ‘[01m[Ker[m[K’ set but not used [[01;35m[K-Wunused-but-set-variable[m[K]
[9.857s]   129 |     Eigen::Vector3d [01;35m[Ker[m[K     = 0.5 * Vee(Rd.transpose() * R - R.transpose() * Rd);
[9.857s]       |                     [01;35m[K^~[m[K
[9.857s] [01m[K/home/aimane/drone_control_ws/src/se3_controller/src/controller_node.cpp:130:21:[m[K [01;35m[Kwarning: [m[Kvariable ‘[01m[Keomega[m[K’ set but not used [[01;35m[K-Wunused-but-set-variable[m[K]
[9.857s]   130 |     Eigen::Vector3d [01;35m[Keomega[m[K = omega;
[9.857s]       |                     [01;35m[K^~~~~~[m[K
[21.943s] [100%] [32m[1mLinking CXX executable controller_node[0m
[24.726s] [100%] Built target controller_node
[24.748s] Invoked command in '/home/aimane/drone_control_ws/src/se3_controller/build/se3_controller' returned '0': CMAKE_PREFIX_PATH=/home/aimane/DevProject/DevArdu_ws/install/trajectory_generation:/home/aimane/DevProject/DevArdu_ws/install/sitl_comm_cpp:/home/aimane/DevProject/DevArdu_ws/install/sitl_test:/home/aimane/vnav23/labs/lab4/install/tesse_ros_bridge:/opt/ros/humble:/home/aimane/DevProject/DevArdu_ws/install/mav_visualization:/home/aimane/DevProject/DevArdu_ws/install/mav_trajectory_generation:/home/aimane/DevProject/DevArdu_ws/install/mav_comm:/home/aimane/DevProject/DevArdu_ws/install/mav_system_msgs:/home/aimane/DevProject/DevArdu_ws/install/mav_state_machine_msgs:/home/aimane/DevProject/DevArdu_ws/install/mav_planning_msgs:/home/aimane/DevProject/DevArdu_ws/install/mav_msgs:/home/aimane/DevProject/DevArdu_ws/install/ardupilot_bridge:/home/aimane/vnav23/labs/lab4/install/trajectory_generation:/home/aimane/vnav23/labs/lab4/install/tesse_msgs:/home/aimane/vnav23/labs/lab4/install/planner_pkg:/home/aimane/vnav23/labs/lab4/install/mav_visualization:/home/aimane/vnav23/labs/lab4/install/mav_trajectory_generation:/home/aimane/vnav23/labs/lab4/install/mav_comm:/home/aimane/vnav23/labs/lab4/install/mav_system_msgs:/home/aimane/vnav23/labs/lab4/install/mav_state_machine_msgs:/home/aimane/vnav23/labs/lab4/install/mav_planning_msgs:/home/aimane/vnav23/labs/lab4/install/controller_pkg:/home/aimane/vnav23/labs/lab4/install/mav_msgs /usr/bin/cmake --build /home/aimane/drone_control_ws/src/se3_controller/build/se3_controller -- -j8 -l8
[24.966s] Invoking command in '/home/aimane/drone_control_ws/src/se3_controller/build/se3_controller': CMAKE_PREFIX_PATH=/home/aimane/DevProject/DevArdu_ws/install/trajectory_generation:/home/aimane/DevProject/DevArdu_ws/install/sitl_comm_cpp:/home/aimane/DevProject/DevArdu_ws/install/sitl_test:/home/aimane/vnav23/labs/lab4/install/tesse_ros_bridge:/opt/ros/humble:/home/aimane/DevProject/DevArdu_ws/install/mav_visualization:/home/aimane/DevProject/DevArdu_ws/install/mav_trajectory_generation:/home/aimane/DevProject/DevArdu_ws/install/mav_comm:/home/aimane/DevProject/DevArdu_ws/install/mav_system_msgs:/home/aimane/DevProject/DevArdu_ws/install/mav_state_machine_msgs:/home/aimane/DevProject/DevArdu_ws/install/mav_planning_msgs:/home/aimane/DevProject/DevArdu_ws/install/mav_msgs:/home/aimane/DevProject/DevArdu_ws/install/ardupilot_bridge:/home/aimane/vnav23/labs/lab4/install/trajectory_generation:/home/aimane/vnav23/labs/lab4/install/tesse_msgs:/home/aimane/vnav23/labs/lab4/install/planner_pkg:/home/aimane/vnav23/labs/lab4/install/mav_visualization:/home/aimane/vnav23/labs/lab4/install/mav_trajectory_generation:/home/aimane/vnav23/labs/lab4/install/mav_comm:/home/aimane/vnav23/labs/lab4/install/mav_system_msgs:/home/aimane/vnav23/labs/lab4/install/mav_state_machine_msgs:/home/aimane/vnav23/labs/lab4/install/mav_planning_msgs:/home/aimane/vnav23/labs/lab4/install/controller_pkg:/home/aimane/vnav23/labs/lab4/install/mav_msgs /usr/bin/cmake --install /home/aimane/drone_control_ws/src/se3_controller/build/se3_controller
[25.423s] -- Install configuration: ""
[25.433s] -- Up-to-date: /home/aimane/drone_control_ws/src/se3_controller/install/se3_controller/share/se3_controller/config
[25.434s] -- Up-to-date: /home/aimane/drone_control_ws/src/se3_controller/install/se3_controller/share/se3_controller/config/params.yaml
[25.434s] -- Up-to-date: /home/aimane/drone_control_ws/src/se3_controller/install/se3_controller/share/se3_controller/launch
[25.435s] -- Up-to-date: /home/aimane/drone_control_ws/src/se3_controller/install/se3_controller/share/se3_controller/launch/se3_controller_launch.py
[25.488s] -- Installing: /home/aimane/drone_control_ws/src/se3_controller/install/se3_controller/lib/se3_controller/controller_node
[25.498s] -- Set runtime path of "/home/aimane/drone_control_ws/src/se3_controller/install/se3_controller/lib/se3_controller/controller_node" to ""
[25.498s] -- Up-to-date: /home/aimane/drone_control_ws/src/se3_controller/install/se3_controller/share/se3_controller/launch
[25.499s] -- Up-to-date: /home/aimane/drone_control_ws/src/se3_controller/install/se3_controller/share/se3_controller/launch/se3_controller_launch.py
[25.499s] -- Up-to-date: /home/aimane/drone_control_ws/src/se3_controller/install/se3_controller/share/se3_controller/config
[25.499s] -- Up-to-date: /home/aimane/drone_control_ws/src/se3_controller/install/se3_controller/share/se3_controller/config/params.yaml
[25.499s] -- Up-to-date: /home/aimane/drone_control_ws/src/se3_controller/install/se3_controller/share/ament_index/resource_index/package_run_dependencies/se3_controller
[25.500s] -- Up-to-date: /home/aimane/drone_control_ws/src/se3_controller/install/se3_controller/share/ament_index/resource_index/parent_prefix_path/se3_controller
[25.500s] -- Up-to-date: /home/aimane/drone_control_ws/src/se3_controller/install/se3_controller/share/se3_controller/environment/ament_prefix_path.sh
[25.500s] -- Up-to-date: /home/aimane/drone_control_ws/src/se3_controller/install/se3_controller/share/se3_controller/environment/ament_prefix_path.dsv
[25.500s] -- Up-to-date: /home/aimane/drone_control_ws/src/se3_controller/install/se3_controller/share/se3_controller/environment/path.sh
[25.500s] -- Up-to-date: /home/aimane/drone_control_ws/src/se3_controller/install/se3_controller/share/se3_controller/environment/path.dsv
[25.500s] -- Up-to-date: /home/aimane/drone_control_ws/src/se3_controller/install/se3_controller/share/se3_controller/local_setup.bash
[25.501s] -- Up-to-date: /home/aimane/drone_control_ws/src/se3_controller/install/se3_controller/share/se3_controller/local_setup.sh
[25.501s] -- Up-to-date: /home/aimane/drone_control_ws/src/se3_controller/install/se3_controller/share/se3_controller/local_setup.zsh
[25.501s] -- Up-to-date: /home/aimane/drone_control_ws/src/se3_controller/install/se3_controller/share/se3_controller/local_setup.dsv
[25.501s] -- Installing: /home/aimane/drone_control_ws/src/se3_controller/install/se3_controller/share/se3_controller/package.dsv
[25.535s] -- Up-to-date: /home/aimane/drone_control_ws/src/se3_controller/install/se3_controller/share/ament_index/resource_index/packages/se3_controller
[25.535s] -- Up-to-date: /home/aimane/drone_control_ws/src/se3_controller/install/se3_controller/share/se3_controller/cmake/se3_controllerConfig.cmake
[25.535s] -- Up-to-date: /home/aimane/drone_control_ws/src/se3_controller/install/se3_controller/share/se3_controller/cmake/se3_controllerConfig-version.cmake
[25.535s] -- Up-to-date: /home/aimane/drone_control_ws/src/se3_controller/install/se3_controller/share/se3_controller/package.xml
[25.538s] Invoked command in '/home/aimane/drone_control_ws/src/se3_controller/build/se3_controller' returned '0': CMAKE_PREFIX_PATH=/home/aimane/DevProject/DevArdu_ws/install/trajectory_generation:/home/aimane/DevProject/DevArdu_ws/install/sitl_comm_cpp:/home/aimane/DevProject/DevArdu_ws/install/sitl_test:/home/aimane/vnav23/labs/lab4/install/tesse_ros_bridge:/opt/ros/humble:/home/aimane/DevProject/DevArdu_ws/install/mav_visualization:/home/aimane/DevProject/DevArdu_ws/install/mav_trajectory_generation:/home/aimane/DevProject/DevArdu_ws/install/mav_comm:/home/aimane/DevProject/DevArdu_ws/install/mav_system_msgs:/home/aimane/DevProject/DevArdu_ws/install/mav_state_machine_msgs:/home/aimane/DevProject/DevArdu_ws/install/mav_planning_msgs:/home/aimane/DevProject/DevArdu_ws/install/mav_msgs:/home/aimane/DevProject/DevArdu_ws/install/ardupilot_bridge:/home/aimane/vnav23/labs/lab4/install/trajectory_generation:/home/aimane/vnav23/labs/lab4/install/tesse_msgs:/home/aimane/vnav23/labs/lab4/install/planner_pkg:/home/aimane/vnav23/labs/lab4/install/mav_visualization:/home/aimane/vnav23/labs/lab4/install/mav_trajectory_generation:/home/aimane/vnav23/labs/lab4/install/mav_comm:/home/aimane/vnav23/labs/lab4/install/mav_system_msgs:/home/aimane/vnav23/labs/lab4/install/mav_state_machine_msgs:/home/aimane/vnav23/labs/lab4/install/mav_planning_msgs:/home/aimane/vnav23/labs/lab4/install/controller_pkg:/home/aimane/vnav23/labs/lab4/install/mav_msgs /usr/bin/cmake --install /home/aimane/drone_control_ws/src/se3_controller/build/se3_controller
